Using pre-set license
Built from '2021.3/staging' branch; Version is '2021.3.19f1 (c9714fde33b6) revision 13201743'; Using compiler version '192829333'; Build Type 'Release'
OS: 'Windows 11  (10.0.22621) 64bit CoreSingleLanguage' Language: 'tr' Physical Memory: 16128 MB
BatchMode: 1, IsHumanControllingUs: 0, StartBugReporterOnCrash: 0, Is64bit: 1, IsPro: 1

COMMAND LINE ARGUMENTS:
C:\Program Files\Unity\Hub\Editor\2021.3.19f1\Editor\Unity.exe
-adb2
-batchMode
-noUpm
-name
AssetImportWorker0
-projectPath
C:/Users/ahmet/OneDrive/Documents/GitHub/GameJam31/isonunannesi
-logFile
Logs/AssetImportWorker0.log
-srvPort
52341
Successfully changed project path to: C:/Users/ahmet/OneDrive/Documents/GitHub/GameJam31/isonunannesi
C:/Users/ahmet/OneDrive/Documents/GitHub/GameJam31/isonunannesi
[UnityMemory] Configuration Parameters - Can be set up in boot.config
    "memorysetup-bucket-allocator-granularity=16"
    "memorysetup-bucket-allocator-bucket-count=8"
    "memorysetup-bucket-allocator-block-size=33554432"
    "memorysetup-bucket-allocator-block-count=8"
    "memorysetup-main-allocator-block-size=16777216"
    "memorysetup-thread-allocator-block-size=16777216"
    "memorysetup-gfx-main-allocator-block-size=16777216"
    "memorysetup-gfx-thread-allocator-block-size=16777216"
    "memorysetup-cache-allocator-block-size=4194304"
    "memorysetup-typetree-allocator-block-size=2097152"
    "memorysetup-profiler-bucket-allocator-granularity=16"
    "memorysetup-profiler-bucket-allocator-bucket-count=8"
    "memorysetup-profiler-bucket-allocator-block-size=33554432"
    "memorysetup-profiler-bucket-allocator-block-count=8"
    "memorysetup-profiler-allocator-block-size=16777216"
    "memorysetup-profiler-editor-allocator-block-size=1048576"
    "memorysetup-temp-allocator-size-main=16777216"
    "memorysetup-job-temp-allocator-block-size=2097152"
    "memorysetup-job-temp-allocator-block-size-background=1048576"
    "memorysetup-job-temp-allocator-reduction-small-platforms=262144"
    "memorysetup-temp-allocator-size-background-worker=32768"
    "memorysetup-temp-allocator-size-job-worker=262144"
    "memorysetup-temp-allocator-size-preload-manager=33554432"
    "memorysetup-temp-allocator-size-nav-mesh-worker=65536"
    "memorysetup-temp-allocator-size-audio-worker=65536"
    "memorysetup-temp-allocator-size-cloud-worker=32768"
    "memorysetup-temp-allocator-size-gi-baking-worker=262144"
    "memorysetup-temp-allocator-size-gfx=262144"
Player connection [4412] Host "[IP] 192.168.1.2 [Port] 0 [Flags] 2 [Guid] 3650125077 [EditorId] 3650125077 [Version] 1048832 [Id] WindowsEditor(7,bRc) [Debug] 1 [PackageName] WindowsEditor [ProjectName] Editor" joined multi-casting on [225.0.0.222:54997]...

Player connection [4412] Host "[IP] 192.168.1.2 [Port] 0 [Flags] 2 [Guid] 3650125077 [EditorId] 3650125077 [Version] 1048832 [Id] WindowsEditor(7,bRc) [Debug] 1 [PackageName] WindowsEditor [ProjectName] Editor" joined alternative multi-casting on [225.0.0.222:34997]...

Refreshing native plugins compatible for Editor in 91.20 ms, found 4 plugins.
Preloading 0 native plugins for Editor in 0.00 ms.
Initialize engine version: 2021.3.19f1 (c9714fde33b6)
[Subsystems] Discovering subsystems at path C:/Program Files/Unity/Hub/Editor/2021.3.19f1/Editor/Data/Resources/UnitySubsystems
[Subsystems] Discovering subsystems at path C:/Users/ahmet/OneDrive/Documents/GitHub/GameJam31/isonunannesi/Assets
GfxDevice: creating device client; threaded=0; jobified=0
Direct3D:
    Version:  Direct3D 11.0 [level 11.1]
    Renderer: NVIDIA GeForce RTX 3050 Laptop GPU (ID=0x25a2)
    Vendor:   NVIDIA
    VRAM:     3977 MB
    Driver:   31.0.15.3118
Initialize mono
Mono path[0] = 'C:/Program Files/Unity/Hub/Editor/2021.3.19f1/Editor/Data/Managed'
Mono path[1] = 'C:/Program Files/Unity/Hub/Editor/2021.3.19f1/Editor/Data/MonoBleedingEdge/lib/mono/unityjit-win32'
Mono config path = 'C:/Program Files/Unity/Hub/Editor/2021.3.19f1/Editor/Data/MonoBleedingEdge/etc'
Using monoOptions --debugger-agent=transport=dt_socket,embedding=1,server=y,suspend=n,address=127.0.0.1:56324
Begin MonoManager ReloadAssembly
Registering precompiled unity dll's ...
Register platform support module: C:/Program Files/Unity/Hub/Editor/2021.3.19f1/Editor/Data/PlaybackEngines/WebGLSupport/UnityEditor.WebGL.Extensions.dll
Register platform support module: C:/Program Files/Unity/Hub/Editor/2021.3.19f1/Editor/Data/PlaybackEngines/WindowsStandaloneSupport/UnityEditor.WindowsStandalone.Extensions.dll
Registered in 0.004425 seconds.
Native extension for WindowsStandalone target not found
Native extension for WebGL target not found
Refreshing native plugins compatible for Editor in 74.54 ms, found 4 plugins.
Preloading 0 native plugins for Editor in 0.00 ms.
Mono: successfully reloaded assembly
- Completed reload, in  0.541 seconds
Domain Reload Profiling:
	ReloadAssembly (542ms)
		BeginReloadAssembly (69ms)
			ExecutionOrderSort (0ms)
			DisableScriptedObjects (0ms)
			BackupInstance (0ms)
			ReleaseScriptingObjects (0ms)
			CreateAndSetChildDomain (1ms)
		EndReloadAssembly (366ms)
			LoadAssemblies (67ms)
			RebuildTransferFunctionScriptingTraits (0ms)
			SetupTypeCache (87ms)
			ReleaseScriptCaches (0ms)
			RebuildScriptCaches (22ms)
			SetupLoadedEditorAssemblies (217ms)
				LogAssemblyErrors (0ms)
				InitializePlatformSupportModulesInManaged (6ms)
				SetLoadedEditorAssemblies (0ms)
				RefreshPlugins (75ms)
				BeforeProcessingInitializeOnLoad (1ms)
				ProcessInitializeOnLoadAttributes (96ms)
				ProcessInitializeOnLoadMethodAttributes (39ms)
				AfterProcessingInitializeOnLoad (0ms)
				EditorAssembliesLoaded (0ms)
			ExecutionOrderSort2 (0ms)
			AwakeInstancesAfterBackupRestoration (0ms)
Platform modules already initialized, skipping
Registering precompiled user dll's ...
Registered in 0.005359 seconds.
Begin MonoManager ReloadAssembly
Symbol file LoadedFromMemory doesn't match image C:\Users\ahmet\OneDrive\Documents\GitHub\GameJam31\isonunannesi\Library\PackageCache\com.unity.visualscripting@1.8.0\Editor\VisualScripting.Core\Dependencies\YamlDotNet\Unity.VisualScripting.YamlDotNet.dll
Symbol file LoadedFromMemory doesn't match image C:\Users\ahmet\OneDrive\Documents\GitHub\GameJam31\isonunannesi\Library\PackageCache\com.unity.visualscripting@1.8.0\Editor\VisualScripting.Core\Dependencies\DotNetZip\Unity.VisualScripting.IonicZip.dll
Native extension for WindowsStandalone target not found
Native extension for WebGL target not found
Refreshing native plugins compatible for Editor in 77.13 ms, found 4 plugins.
Preloading 0 native plugins for Editor in 0.00 ms.
Mono: successfully reloaded assembly
- Completed reload, in  0.958 seconds
Domain Reload Profiling:
	ReloadAssembly (958ms)
		BeginReloadAssembly (89ms)
			ExecutionOrderSort (0ms)
			DisableScriptedObjects (4ms)
			BackupInstance (0ms)
			ReleaseScriptingObjects (0ms)
			CreateAndSetChildDomain (17ms)
		EndReloadAssembly (775ms)
			LoadAssemblies (69ms)
			RebuildTransferFunctionScriptingTraits (0ms)
			SetupTypeCache (199ms)
			ReleaseScriptCaches (1ms)
			RebuildScriptCaches (63ms)
			SetupLoadedEditorAssemblies (398ms)
				LogAssemblyErrors (0ms)
				InitializePlatformSupportModulesInManaged (5ms)
				SetLoadedEditorAssemblies (0ms)
				RefreshPlugins (77ms)
				BeforeProcessingInitializeOnLoad (83ms)
				ProcessInitializeOnLoadAttributes (197ms)
				ProcessInitializeOnLoadMethodAttributes (31ms)
				AfterProcessingInitializeOnLoad (5ms)
				EditorAssembliesLoaded (0ms)
			ExecutionOrderSort2 (0ms)
			AwakeInstancesAfterBackupRestoration (5ms)
Platform modules already initialized, skipping
========================================================================
Worker process is ready to serve import requests
Launched and connected shader compiler UnityShaderCompiler.exe after 0.05 seconds
Refreshing native plugins compatible for Editor in 0.77 ms, found 4 plugins.
Preloading 0 native plugins for Editor in 0.00 ms.
Unloading 3900 Unused Serialized files (Serialized files now loaded: 0)
Unloading 48 unused Assets / (129.0 KB). Loaded Objects now: 4358.
Memory consumption went from 148.3 MB to 148.2 MB.
Total: 3.010700 ms (FindLiveObjects: 0.387300 ms CreateObjectMapping: 0.149900 ms MarkObjects: 2.384200 ms  DeleteObjects: 0.087700 ms)

AssetImportParameters requested are different than current active one (requested -> active):
  custom:video-decoder-ogg-theora: a1e56fd34408186e4bbccfd4996cb3dc -> 
  custom:container-muxer-webm: aa71ff27fc2769a1b78a27578f13a17b -> 
  custom:container-demuxer-webm: 4f35f7cbe854078d1ac9338744f61a02 -> 
  custom:video-encoder-webm-vp8: eb34c28f22e8b96e1ab97ce403110664 -> 
  custom:video-codec-MediaFoundation-h265: 746d11721c4dcdbdad8f713fa42b33f4 -> 
  custom:audio-encoder-webm-vorbis: bf7c407c2cedff20999df2af8eb42d56 -> 
  custom:framework-win-MediaFoundation: 216162199b28c13a410421893ffa2e32 -> 
  custom:container-demuxer-ogg: 62fdf1f143b41e24485cea50d1cbac27 -> 
  custom:video-decoder-webm-vp8: 9c59270c3fd7afecdb556c50c9e8de78 -> 
  custom:audio-decoder-ogg-vorbis: bf7c407c2cedff20999df2af8eb42d56 -> 
========================================================================
Received Import Request.
  Time since last request: 113384.777113 seconds.
  path: Assets/Animations/Images/sword.png
  artifactKey: Guid(ad7ad970dcdb3fe47888dcd45fd4e674) Importer(815301076,1909f56bfc062723c751e8b465ee728b)
Start importing Assets/Animations/Images/sword.png using Guid(ad7ad970dcdb3fe47888dcd45fd4e674) Importer(815301076,1909f56bfc062723c751e8b465ee728b)  -> (artifact id: '3aee82a97b5ad44dfa8cb3914ea30623') in 0.116052 seconds 
========================================================================
Received Import Request.
  Time since last request: 0.000043 seconds.
  path: Assets/Animations/Images/running_3_.png
  artifactKey: Guid(e6b1a79987bdfc64796c8d2ca366454f) Importer(815301076,1909f56bfc062723c751e8b465ee728b)
Start importing Assets/Animations/Images/running_3_.png using Guid(e6b1a79987bdfc64796c8d2ca366454f) Importer(815301076,1909f56bfc062723c751e8b465ee728b)  -> (artifact id: 'fed0e5e5988963eb8b85bfb771e3c1a1') in 0.014413 seconds 
========================================================================
Received Import Request.
  Time since last request: 0.000723 seconds.
  path: Assets/Animations/Images/adsdasadsasdads.png
  artifactKey: Guid(2b6e341444c11114682caf5914aa9960) Importer(815301076,1909f56bfc062723c751e8b465ee728b)
Start importing Assets/Animations/Images/adsdasadsasdads.png using Guid(2b6e341444c11114682caf5914aa9960) Importer(815301076,1909f56bfc062723c751e8b465ee728b)  -> (artifact id: 'b57ef6de3499594b32e39212b49191f6') in 0.012376 seconds 
========================================================================
Received Import Request.
  Time since last request: 400.880691 seconds.
  path: Assets/Animations/Images
  artifactKey: Guid(ff4be15e2d4511d498d82749ccba155f) Importer(815301076,1909f56bfc062723c751e8b465ee728b)
Start importing Assets/Animations/Images using Guid(ff4be15e2d4511d498d82749ccba155f) Importer(815301076,1909f56bfc062723c751e8b465ee728b)  -> (artifact id: '69a9291a872408e3fb7359213dc042d2') in 0.005083 seconds 
========================================================================
Received Import Request.
  Time since last request: 0.635037 seconds.
  path: Assets/Ladder.png
  artifactKey: Guid(e2219679a9671c642a084eb650ee9fa9) Importer(815301076,1909f56bfc062723c751e8b465ee728b)
Start importing Assets/Ladder.png using Guid(e2219679a9671c642a084eb650ee9fa9) Importer(815301076,1909f56bfc062723c751e8b465ee728b)  -> (artifact id: 'a4b75620c29d4faf43ac8f09bb4a1446') in 0.013387 seconds 
========================================================================
Received Import Request.
  Time since last request: 1.301832 seconds.
  path: Assets/Scenes
  artifactKey: Guid(131a6b21c8605f84396be9f6751fb6e3) Importer(815301076,1909f56bfc062723c751e8b465ee728b)
Start importing Assets/Scenes using Guid(131a6b21c8605f84396be9f6751fb6e3) Importer(815301076,1909f56bfc062723c751e8b465ee728b)  -> (artifact id: '4935f35005d3ccd51bf39964504ff1b7') in 0.005044 seconds 
========================================================================
Received Import Request.
  Time since last request: 1.358264 seconds.
  path: Assets/Scenes/Levels
  artifactKey: Guid(e37fc34c77b24ed458af26156ed018c0) Importer(815301076,1909f56bfc062723c751e8b465ee728b)
Start importing Assets/Scenes/Levels using Guid(e37fc34c77b24ed458af26156ed018c0) Importer(815301076,1909f56bfc062723c751e8b465ee728b)  -> (artifact id: 'b37c07f1060770ba1c0e126784460f57') in 0.005920 seconds 
========================================================================
Received Import Request.
  Time since last request: 1.232402 seconds.
  path: Assets/Scenes/Levels/Level1.unity
  artifactKey: Guid(0f8deb47622c3d14bad6c95f6a00d425) Importer(815301076,1909f56bfc062723c751e8b465ee728b)
Start importing Assets/Scenes/Levels/Level1.unity using Guid(0f8deb47622c3d14bad6c95f6a00d425) Importer(815301076,1909f56bfc062723c751e8b465ee728b)  -> (artifact id: 'f09bf7ee86ba584e35eb72d64ca7aecb') in 0.005674 seconds 
========================================================================
Received Import Request.
  Time since last request: 1.879868 seconds.
  path: Assets/Scenes/Levels/Level2.unity
  artifactKey: Guid(46631c8e88263cb4c839b307f5ba53d4) Importer(815301076,1909f56bfc062723c751e8b465ee728b)
Start importing Assets/Scenes/Levels/Level2.unity using Guid(46631c8e88263cb4c839b307f5ba53d4) Importer(815301076,1909f56bfc062723c751e8b465ee728b)  -> (artifact id: '80fe0c87d88e0d89c334b17494010e8f') in 0.005822 seconds 
