Using pre-set license
Built from '2021.3/staging' branch; Version is '2021.3.19f1 (c9714fde33b6) revision 13201743'; Using compiler version '192829333'; Build Type 'Release'
OS: 'Windows 11  (10.0.22621) 64bit CoreSingleLanguage' Language: 'tr' Physical Memory: 16128 MB
BatchMode: 1, IsHumanControllingUs: 0, StartBugReporterOnCrash: 0, Is64bit: 1, IsPro: 1

COMMAND LINE ARGUMENTS:
C:\Program Files\Unity\Hub\Editor\2021.3.19f1\Editor\Unity.exe
-adb2
-batchMode
-noUpm
-name
AssetImportWorker5
-projectPath
C:/Users/ahmet/OneDrive/Documents/GitHub/GameJam31/isonunannesi
-logFile
Logs/AssetImportWorker5.log
-srvPort
57475
Successfully changed project path to: C:/Users/ahmet/OneDrive/Documents/GitHub/GameJam31/isonunannesi
C:/Users/ahmet/OneDrive/Documents/GitHub/GameJam31/isonunannesi
[UnityMemory] Configuration Parameters - Can be set up in boot.config
    "memorysetup-bucket-allocator-granularity=16"
    "memorysetup-bucket-allocator-bucket-count=8"
    "memorysetup-bucket-allocator-block-size=33554432"
    "memorysetup-bucket-allocator-block-count=8"
    "memorysetup-main-allocator-block-size=16777216"
    "memorysetup-thread-allocator-block-size=16777216"
    "memorysetup-gfx-main-allocator-block-size=16777216"
    "memorysetup-gfx-thread-allocator-block-size=16777216"
    "memorysetup-cache-allocator-block-size=4194304"
    "memorysetup-typetree-allocator-block-size=2097152"
    "memorysetup-profiler-bucket-allocator-granularity=16"
    "memorysetup-profiler-bucket-allocator-bucket-count=8"
    "memorysetup-profiler-bucket-allocator-block-size=33554432"
    "memorysetup-profiler-bucket-allocator-block-count=8"
    "memorysetup-profiler-allocator-block-size=16777216"
    "memorysetup-profiler-editor-allocator-block-size=1048576"
    "memorysetup-temp-allocator-size-main=16777216"
    "memorysetup-job-temp-allocator-block-size=2097152"
    "memorysetup-job-temp-allocator-block-size-background=1048576"
    "memorysetup-job-temp-allocator-reduction-small-platforms=262144"
    "memorysetup-temp-allocator-size-background-worker=32768"
    "memorysetup-temp-allocator-size-job-worker=262144"
    "memorysetup-temp-allocator-size-preload-manager=33554432"
    "memorysetup-temp-allocator-size-nav-mesh-worker=65536"
    "memorysetup-temp-allocator-size-audio-worker=65536"
    "memorysetup-temp-allocator-size-cloud-worker=32768"
    "memorysetup-temp-allocator-size-gi-baking-worker=262144"
    "memorysetup-temp-allocator-size-gfx=262144"
Player connection [28908] Host "[IP] 192.168.1.2 [Port] 0 [Flags] 2 [Guid] 1370896603 [EditorId] 1370896603 [Version] 1048832 [Id] WindowsEditor(7,bRc) [Debug] 1 [PackageName] WindowsEditor [ProjectName] Editor" joined multi-casting on [225.0.0.222:54997]...

Player connection [28908] Host "[IP] 192.168.1.2 [Port] 0 [Flags] 2 [Guid] 1370896603 [EditorId] 1370896603 [Version] 1048832 [Id] WindowsEditor(7,bRc) [Debug] 1 [PackageName] WindowsEditor [ProjectName] Editor" joined alternative multi-casting on [225.0.0.222:34997]...

Refreshing native plugins compatible for Editor in 95.86 ms, found 4 plugins.
Preloading 0 native plugins for Editor in 0.00 ms.
Initialize engine version: 2021.3.19f1 (c9714fde33b6)
[Subsystems] Discovering subsystems at path C:/Program Files/Unity/Hub/Editor/2021.3.19f1/Editor/Data/Resources/UnitySubsystems
[Subsystems] Discovering subsystems at path C:/Users/ahmet/OneDrive/Documents/GitHub/GameJam31/isonunannesi/Assets
GfxDevice: creating device client; threaded=0; jobified=0
Direct3D:
    Version:  Direct3D 11.0 [level 11.1]
    Renderer: NVIDIA GeForce RTX 3050 Laptop GPU (ID=0x25a2)
    Vendor:   NVIDIA
    VRAM:     3977 MB
    Driver:   31.0.15.3118
Initialize mono
Mono path[0] = 'C:/Program Files/Unity/Hub/Editor/2021.3.19f1/Editor/Data/Managed'
Mono path[1] = 'C:/Program Files/Unity/Hub/Editor/2021.3.19f1/Editor/Data/MonoBleedingEdge/lib/mono/unityjit-win32'
Mono config path = 'C:/Program Files/Unity/Hub/Editor/2021.3.19f1/Editor/Data/MonoBleedingEdge/etc'
Using monoOptions --debugger-agent=transport=dt_socket,embedding=1,server=y,suspend=n,address=127.0.0.1:56816
Begin MonoManager ReloadAssembly
Registering precompiled unity dll's ...
Register platform support module: C:/Program Files/Unity/Hub/Editor/2021.3.19f1/Editor/Data/PlaybackEngines/WebGLSupport/UnityEditor.WebGL.Extensions.dll
Register platform support module: C:/Program Files/Unity/Hub/Editor/2021.3.19f1/Editor/Data/PlaybackEngines/WindowsStandaloneSupport/UnityEditor.WindowsStandalone.Extensions.dll
Registered in 0.007215 seconds.
Native extension for WindowsStandalone target not found
Native extension for WebGL target not found
Refreshing native plugins compatible for Editor in 99.71 ms, found 4 plugins.
Preloading 0 native plugins for Editor in 0.00 ms.
Mono: successfully reloaded assembly
- Completed reload, in  0.649 seconds
Domain Reload Profiling:
	ReloadAssembly (650ms)
		BeginReloadAssembly (96ms)
			ExecutionOrderSort (0ms)
			DisableScriptedObjects (0ms)
			BackupInstance (0ms)
			ReleaseScriptingObjects (0ms)
			CreateAndSetChildDomain (1ms)
		EndReloadAssembly (430ms)
			LoadAssemblies (93ms)
			RebuildTransferFunctionScriptingTraits (0ms)
			SetupTypeCache (116ms)
			ReleaseScriptCaches (0ms)
			RebuildScriptCaches (24ms)
			SetupLoadedEditorAssemblies (247ms)
				LogAssemblyErrors (0ms)
				InitializePlatformSupportModulesInManaged (7ms)
				SetLoadedEditorAssemblies (0ms)
				RefreshPlugins (100ms)
				BeforeProcessingInitializeOnLoad (2ms)
				ProcessInitializeOnLoadAttributes (101ms)
				ProcessInitializeOnLoadMethodAttributes (38ms)
				AfterProcessingInitializeOnLoad (0ms)
				EditorAssembliesLoaded (0ms)
			ExecutionOrderSort2 (0ms)
			AwakeInstancesAfterBackupRestoration (0ms)
Platform modules already initialized, skipping
Registering precompiled user dll's ...
Registered in 0.005117 seconds.
Begin MonoManager ReloadAssembly
Symbol file LoadedFromMemory doesn't match image C:\Users\ahmet\OneDrive\Documents\GitHub\GameJam31\isonunannesi\Library\PackageCache\com.unity.visualscripting@1.8.0\Editor\VisualScripting.Core\Dependencies\YamlDotNet\Unity.VisualScripting.YamlDotNet.dll
Symbol file LoadedFromMemory doesn't match image C:\Users\ahmet\OneDrive\Documents\GitHub\GameJam31\isonunannesi\Library\PackageCache\com.unity.visualscripting@1.8.0\Editor\VisualScripting.Core\Dependencies\DotNetZip\Unity.VisualScripting.IonicZip.dll
Native extension for WindowsStandalone target not found
Native extension for WebGL target not found
Refreshing native plugins compatible for Editor in 78.16 ms, found 4 plugins.
Preloading 0 native plugins for Editor in 0.00 ms.
Mono: successfully reloaded assembly
- Completed reload, in  1.001 seconds
Domain Reload Profiling:
	ReloadAssembly (1001ms)
		BeginReloadAssembly (89ms)
			ExecutionOrderSort (0ms)
			DisableScriptedObjects (4ms)
			BackupInstance (0ms)
			ReleaseScriptingObjects (0ms)
			CreateAndSetChildDomain (18ms)
		EndReloadAssembly (807ms)
			LoadAssemblies (68ms)
			RebuildTransferFunctionScriptingTraits (0ms)
			SetupTypeCache (211ms)
			ReleaseScriptCaches (1ms)
			RebuildScriptCaches (54ms)
			SetupLoadedEditorAssemblies (425ms)
				LogAssemblyErrors (0ms)
				InitializePlatformSupportModulesInManaged (4ms)
				SetLoadedEditorAssemblies (0ms)
				RefreshPlugins (78ms)
				BeforeProcessingInitializeOnLoad (86ms)
				ProcessInitializeOnLoadAttributes (214ms)
				ProcessInitializeOnLoadMethodAttributes (35ms)
				AfterProcessingInitializeOnLoad (6ms)
				EditorAssembliesLoaded (0ms)
			ExecutionOrderSort2 (0ms)
			AwakeInstancesAfterBackupRestoration (6ms)
Platform modules already initialized, skipping
========================================================================
Worker process is ready to serve import requests
Launched and connected shader compiler UnityShaderCompiler.exe after 0.05 seconds
Refreshing native plugins compatible for Editor in 0.62 ms, found 4 plugins.
Preloading 0 native plugins for Editor in 0.00 ms.
Unloading 3909 Unused Serialized files (Serialized files now loaded: 0)
Unloading 48 unused Assets / (129.0 KB). Loaded Objects now: 4369.
Memory consumption went from 148.7 MB to 148.6 MB.
Total: 3.053100 ms (FindLiveObjects: 0.303300 ms CreateObjectMapping: 0.130600 ms MarkObjects: 2.531200 ms  DeleteObjects: 0.086600 ms)

AssetImportParameters requested are different than current active one (requested -> active):
  custom:video-decoder-ogg-theora: a1e56fd34408186e4bbccfd4996cb3dc -> 
  custom:container-muxer-webm: aa71ff27fc2769a1b78a27578f13a17b -> 
  custom:container-demuxer-webm: 4f35f7cbe854078d1ac9338744f61a02 -> 
  custom:video-encoder-webm-vp8: eb34c28f22e8b96e1ab97ce403110664 -> 
  custom:video-codec-MediaFoundation-h265: 746d11721c4dcdbdad8f713fa42b33f4 -> 
  custom:audio-encoder-webm-vorbis: bf7c407c2cedff20999df2af8eb42d56 -> 
  custom:framework-win-MediaFoundation: 216162199b28c13a410421893ffa2e32 -> 
  custom:container-demuxer-ogg: 62fdf1f143b41e24485cea50d1cbac27 -> 
  custom:video-decoder-webm-vp8: 9c59270c3fd7afecdb556c50c9e8de78 -> 
  custom:audio-decoder-ogg-vorbis: bf7c407c2cedff20999df2af8eb42d56 -> 
========================================================================
Received Import Request.
  Time since last request: 224098.777629 seconds.
  path: Assets/Nature_pixel_art_assets/Nature_tiles_01/nature_environment_01_85.asset
  artifactKey: Guid(ce5b5afe4bad3fe4db8fba9f449ffedf) Importer(815301076,1909f56bfc062723c751e8b465ee728b)
Start importing Assets/Nature_pixel_art_assets/Nature_tiles_01/nature_environment_01_85.asset using Guid(ce5b5afe4bad3fe4db8fba9f449ffedf) Importer(815301076,1909f56bfc062723c751e8b465ee728b)  -> (artifact id: 'b7115a9a83a6eac47c3f2bc17cc2755c') in 0.077489 seconds 
========================================================================
Received Import Request.
  Time since last request: 0.000033 seconds.
  path: Assets/Nature_pixel_art_assets/Nature_tiles_01/nature_environment_01_87.asset
  artifactKey: Guid(4943800bfeb90e04ea8daf890b75a043) Importer(815301076,1909f56bfc062723c751e8b465ee728b)
Start importing Assets/Nature_pixel_art_assets/Nature_tiles_01/nature_environment_01_87.asset using Guid(4943800bfeb90e04ea8daf890b75a043) Importer(815301076,1909f56bfc062723c751e8b465ee728b)  -> (artifact id: 'd0203ddd2ee88f42e0db5d796c902e11') in 0.023745 seconds 
========================================================================
Received Import Request.
  Time since last request: 0.000028 seconds.
  path: Assets/Nature_pixel_art_assets/Nature_tiles_01/nature_environment_01_93.asset
  artifactKey: Guid(8685a598ee1720a498cabc525ea507f4) Importer(815301076,1909f56bfc062723c751e8b465ee728b)
Start importing Assets/Nature_pixel_art_assets/Nature_tiles_01/nature_environment_01_93.asset using Guid(8685a598ee1720a498cabc525ea507f4) Importer(815301076,1909f56bfc062723c751e8b465ee728b)  -> (artifact id: 'df1a7c2e269064d5e4807ec4b420a35b') in 0.011649 seconds 
========================================================================
Received Import Request.
  Time since last request: 0.134767 seconds.
  path: Assets/Nature_pixel_art_assets/Nature_tiles_01/nature_environment_01_101.asset
  artifactKey: Guid(a69b23a0105f6ff4081b4c528ec1b3cd) Importer(815301076,1909f56bfc062723c751e8b465ee728b)
Start importing Assets/Nature_pixel_art_assets/Nature_tiles_01/nature_environment_01_101.asset using Guid(a69b23a0105f6ff4081b4c528ec1b3cd) Importer(815301076,1909f56bfc062723c751e8b465ee728b)  -> (artifact id: '7332c809bd425532d430600fbb187a9e') in 0.022750 seconds 
========================================================================
Received Import Request.
  Time since last request: 0.000021 seconds.
  path: Assets/Nature_pixel_art_assets/Nature_tiles_01/nature_environment_01_111.asset
  artifactKey: Guid(082b08d5d5a96cc4d81ef84d16427987) Importer(815301076,1909f56bfc062723c751e8b465ee728b)
Start importing Assets/Nature_pixel_art_assets/Nature_tiles_01/nature_environment_01_111.asset using Guid(082b08d5d5a96cc4d81ef84d16427987) Importer(815301076,1909f56bfc062723c751e8b465ee728b)  -> (artifact id: 'f5569ee103720d004600c34a05012046') in 0.020852 seconds 
========================================================================
Received Import Request.
  Time since last request: 0.000025 seconds.
  path: Assets/Nature_pixel_art_assets/Nature_tiles_01/nature_environment_01_119.asset
  artifactKey: Guid(b69e20423809eb24c9d678ad087523e9) Importer(815301076,1909f56bfc062723c751e8b465ee728b)
Start importing Assets/Nature_pixel_art_assets/Nature_tiles_01/nature_environment_01_119.asset using Guid(b69e20423809eb24c9d678ad087523e9) Importer(815301076,1909f56bfc062723c751e8b465ee728b)  -> (artifact id: 'dba11430d7aa14d7bf36719fc415a285') in 0.023472 seconds 
========================================================================
Received Import Request.
  Time since last request: 0.000020 seconds.
  path: Assets/Nature_pixel_art_assets/Nature_tiles_01/nature_environment_01_103.asset
  artifactKey: Guid(bf7ffa76c81078e48b2e70c66a321ef5) Importer(815301076,1909f56bfc062723c751e8b465ee728b)
Start importing Assets/Nature_pixel_art_assets/Nature_tiles_01/nature_environment_01_103.asset using Guid(bf7ffa76c81078e48b2e70c66a321ef5) Importer(815301076,1909f56bfc062723c751e8b465ee728b)  -> (artifact id: '6845adeff1b572632ec01c5ef923ecbe') in 0.027763 seconds 
========================================================================
Received Import Request.
  Time since last request: 0.000035 seconds.
  path: Assets/Nature_pixel_art_assets/Nature_tiles_01/nature_environment_01_113.asset
  artifactKey: Guid(9ec1dfca4944c2b47891979af04abd8c) Importer(815301076,1909f56bfc062723c751e8b465ee728b)
Start importing Assets/Nature_pixel_art_assets/Nature_tiles_01/nature_environment_01_113.asset using Guid(9ec1dfca4944c2b47891979af04abd8c) Importer(815301076,1909f56bfc062723c751e8b465ee728b)  -> (artifact id: '86c2c53bb014e47dc24bf275939af928') in 0.017114 seconds 
========================================================================
Received Import Request.
  Time since last request: 0.000023 seconds.
  path: Assets/Nature_pixel_art_assets/Nature_tiles_01/nature_environment_01_105.asset
  artifactKey: Guid(71f684ea83fc5e945b9e5da47f092015) Importer(815301076,1909f56bfc062723c751e8b465ee728b)
Start importing Assets/Nature_pixel_art_assets/Nature_tiles_01/nature_environment_01_105.asset using Guid(71f684ea83fc5e945b9e5da47f092015) Importer(815301076,1909f56bfc062723c751e8b465ee728b)  -> (artifact id: 'bb0b206df3565a523b9b5d8a4d57f807') in 0.017263 seconds 
========================================================================
Received Import Request.
  Time since last request: 0.000025 seconds.
  path: Assets/Nature_pixel_art_assets/Nature_tiles_01/nature_environment_01_127.asset
  artifactKey: Guid(f2f0af9c30431954a88f1a5c11aec3b1) Importer(815301076,1909f56bfc062723c751e8b465ee728b)
Start importing Assets/Nature_pixel_art_assets/Nature_tiles_01/nature_environment_01_127.asset using Guid(f2f0af9c30431954a88f1a5c11aec3b1) Importer(815301076,1909f56bfc062723c751e8b465ee728b)  -> (artifact id: '095ccf0371b7e2a9b93335ff67fd3c5a') in 0.014275 seconds 
Editor requested this worker to shutdown with reason: Scaling down because of idle timeout
AssetImportWorker is now disconnected from the server
Process exiting
Exiting without the bug reporter. Application will terminate with return code 0