Using pre-set license
Built from '2021.3/staging' branch; Version is '2021.3.19f1 (c9714fde33b6) revision 13201743'; Using compiler version '192829333'; Build Type 'Release'
OS: 'Windows 11  (10.0.22621) 64bit CoreSingleLanguage' Language: 'tr' Physical Memory: 16128 MB
BatchMode: 1, IsHumanControllingUs: 0, StartBugReporterOnCrash: 0, Is64bit: 1, IsPro: 1

COMMAND LINE ARGUMENTS:
C:\Program Files\Unity\Hub\Editor\2021.3.19f1\Editor\Unity.exe
-adb2
-batchMode
-noUpm
-name
AssetImportWorker5
-projectPath
C:/Users/ahmet/OneDrive/Documents/GitHub/GameJam31/isonunannesi
-logFile
Logs/AssetImportWorker5.log
-srvPort
63731
Successfully changed project path to: C:/Users/ahmet/OneDrive/Documents/GitHub/GameJam31/isonunannesi
C:/Users/ahmet/OneDrive/Documents/GitHub/GameJam31/isonunannesi
[UnityMemory] Configuration Parameters - Can be set up in boot.config
    "memorysetup-bucket-allocator-granularity=16"
    "memorysetup-bucket-allocator-bucket-count=8"
    "memorysetup-bucket-allocator-block-size=33554432"
    "memorysetup-bucket-allocator-block-count=8"
    "memorysetup-main-allocator-block-size=16777216"
    "memorysetup-thread-allocator-block-size=16777216"
    "memorysetup-gfx-main-allocator-block-size=16777216"
    "memorysetup-gfx-thread-allocator-block-size=16777216"
    "memorysetup-cache-allocator-block-size=4194304"
    "memorysetup-typetree-allocator-block-size=2097152"
    "memorysetup-profiler-bucket-allocator-granularity=16"
    "memorysetup-profiler-bucket-allocator-bucket-count=8"
    "memorysetup-profiler-bucket-allocator-block-size=33554432"
    "memorysetup-profiler-bucket-allocator-block-count=8"
    "memorysetup-profiler-allocator-block-size=16777216"
    "memorysetup-profiler-editor-allocator-block-size=1048576"
    "memorysetup-temp-allocator-size-main=16777216"
    "memorysetup-job-temp-allocator-block-size=2097152"
    "memorysetup-job-temp-allocator-block-size-background=1048576"
    "memorysetup-job-temp-allocator-reduction-small-platforms=262144"
    "memorysetup-temp-allocator-size-background-worker=32768"
    "memorysetup-temp-allocator-size-job-worker=262144"
    "memorysetup-temp-allocator-size-preload-manager=33554432"
    "memorysetup-temp-allocator-size-nav-mesh-worker=65536"
    "memorysetup-temp-allocator-size-audio-worker=65536"
    "memorysetup-temp-allocator-size-cloud-worker=32768"
    "memorysetup-temp-allocator-size-gi-baking-worker=262144"
    "memorysetup-temp-allocator-size-gfx=262144"
Player connection [8052] Host "[IP] 192.168.1.2 [Port] 0 [Flags] 2 [Guid] 3945097958 [EditorId] 3945097958 [Version] 1048832 [Id] WindowsEditor(7,bRc) [Debug] 1 [PackageName] WindowsEditor [ProjectName] Editor" joined multi-casting on [225.0.0.222:54997]...

Player connection [8052] Host "[IP] 192.168.1.2 [Port] 0 [Flags] 2 [Guid] 3945097958 [EditorId] 3945097958 [Version] 1048832 [Id] WindowsEditor(7,bRc) [Debug] 1 [PackageName] WindowsEditor [ProjectName] Editor" joined alternative multi-casting on [225.0.0.222:34997]...

Refreshing native plugins compatible for Editor in 108.18 ms, found 4 plugins.
Preloading 0 native plugins for Editor in 0.00 ms.
Initialize engine version: 2021.3.19f1 (c9714fde33b6)
[Subsystems] Discovering subsystems at path C:/Program Files/Unity/Hub/Editor/2021.3.19f1/Editor/Data/Resources/UnitySubsystems
[Subsystems] Discovering subsystems at path C:/Users/ahmet/OneDrive/Documents/GitHub/GameJam31/isonunannesi/Assets
GfxDevice: creating device client; threaded=0; jobified=0
Direct3D:
    Version:  Direct3D 11.0 [level 11.1]
    Renderer: NVIDIA GeForce RTX 3050 Laptop GPU (ID=0x25a2)
    Vendor:   NVIDIA
    VRAM:     3977 MB
    Driver:   31.0.15.3118
Initialize mono
Mono path[0] = 'C:/Program Files/Unity/Hub/Editor/2021.3.19f1/Editor/Data/Managed'
Mono path[1] = 'C:/Program Files/Unity/Hub/Editor/2021.3.19f1/Editor/Data/MonoBleedingEdge/lib/mono/unityjit-win32'
Mono config path = 'C:/Program Files/Unity/Hub/Editor/2021.3.19f1/Editor/Data/MonoBleedingEdge/etc'
Using monoOptions --debugger-agent=transport=dt_socket,embedding=1,server=y,suspend=n,address=127.0.0.1:56728
Begin MonoManager ReloadAssembly
Registering precompiled unity dll's ...
Register platform support module: C:/Program Files/Unity/Hub/Editor/2021.3.19f1/Editor/Data/PlaybackEngines/WebGLSupport/UnityEditor.WebGL.Extensions.dll
Register platform support module: C:/Program Files/Unity/Hub/Editor/2021.3.19f1/Editor/Data/PlaybackEngines/WindowsStandaloneSupport/UnityEditor.WindowsStandalone.Extensions.dll
Registered in 0.004289 seconds.
Native extension for WindowsStandalone target not found
Native extension for WebGL target not found
Refreshing native plugins compatible for Editor in 75.12 ms, found 4 plugins.
Preloading 0 native plugins for Editor in 0.00 ms.
Mono: successfully reloaded assembly
- Completed reload, in  0.608 seconds
Domain Reload Profiling:
	ReloadAssembly (609ms)
		BeginReloadAssembly (102ms)
			ExecutionOrderSort (0ms)
			DisableScriptedObjects (0ms)
			BackupInstance (0ms)
			ReleaseScriptingObjects (0ms)
			CreateAndSetChildDomain (1ms)
		EndReloadAssembly (402ms)
			LoadAssemblies (100ms)
			RebuildTransferFunctionScriptingTraits (0ms)
			SetupTypeCache (114ms)
			ReleaseScriptCaches (0ms)
			RebuildScriptCaches (24ms)
			SetupLoadedEditorAssemblies (220ms)
				LogAssemblyErrors (0ms)
				InitializePlatformSupportModulesInManaged (7ms)
				SetLoadedEditorAssemblies (0ms)
				RefreshPlugins (75ms)
				BeforeProcessingInitializeOnLoad (1ms)
				ProcessInitializeOnLoadAttributes (102ms)
				ProcessInitializeOnLoadMethodAttributes (35ms)
				AfterProcessingInitializeOnLoad (0ms)
				EditorAssembliesLoaded (0ms)
			ExecutionOrderSort2 (0ms)
			AwakeInstancesAfterBackupRestoration (0ms)
Platform modules already initialized, skipping
Registering precompiled user dll's ...
Registered in 0.004723 seconds.
Begin MonoManager ReloadAssembly
Symbol file LoadedFromMemory doesn't match image C:\Users\ahmet\OneDrive\Documents\GitHub\GameJam31\isonunannesi\Library\PackageCache\com.unity.visualscripting@1.8.0\Editor\VisualScripting.Core\Dependencies\YamlDotNet\Unity.VisualScripting.YamlDotNet.dll
Symbol file LoadedFromMemory doesn't match image C:\Users\ahmet\OneDrive\Documents\GitHub\GameJam31\isonunannesi\Library\PackageCache\com.unity.visualscripting@1.8.0\Editor\VisualScripting.Core\Dependencies\DotNetZip\Unity.VisualScripting.IonicZip.dll
Native extension for WindowsStandalone target not found
Native extension for WebGL target not found
Refreshing native plugins compatible for Editor in 73.62 ms, found 4 plugins.
Preloading 0 native plugins for Editor in 0.00 ms.
Mono: successfully reloaded assembly
- Completed reload, in  0.950 seconds
Domain Reload Profiling:
	ReloadAssembly (950ms)
		BeginReloadAssembly (92ms)
			ExecutionOrderSort (0ms)
			DisableScriptedObjects (4ms)
			BackupInstance (0ms)
			ReleaseScriptingObjects (0ms)
			CreateAndSetChildDomain (17ms)
		EndReloadAssembly (759ms)
			LoadAssemblies (74ms)
			RebuildTransferFunctionScriptingTraits (0ms)
			SetupTypeCache (198ms)
			ReleaseScriptCaches (1ms)
			RebuildScriptCaches (60ms)
			SetupLoadedEditorAssemblies (371ms)
				LogAssemblyErrors (0ms)
				InitializePlatformSupportModulesInManaged (4ms)
				SetLoadedEditorAssemblies (0ms)
				RefreshPlugins (74ms)
				BeforeProcessingInitializeOnLoad (74ms)
				ProcessInitializeOnLoadAttributes (183ms)
				ProcessInitializeOnLoadMethodAttributes (31ms)
				AfterProcessingInitializeOnLoad (5ms)
				EditorAssembliesLoaded (0ms)
			ExecutionOrderSort2 (0ms)
			AwakeInstancesAfterBackupRestoration (7ms)
Platform modules already initialized, skipping
========================================================================
Worker process is ready to serve import requests
Launched and connected shader compiler UnityShaderCompiler.exe after 0.03 seconds
Refreshing native plugins compatible for Editor in 0.76 ms, found 4 plugins.
Preloading 0 native plugins for Editor in 0.00 ms.
Unloading 3739 Unused Serialized files (Serialized files now loaded: 0)
Unloading 35 unused Assets / (56.1 KB). Loaded Objects now: 4200.
Memory consumption went from 142.8 MB to 142.7 MB.
Total: 2.817200 ms (FindLiveObjects: 0.305100 ms CreateObjectMapping: 0.122700 ms MarkObjects: 2.305900 ms  DeleteObjects: 0.081800 ms)

AssetImportParameters requested are different than current active one (requested -> active):
  custom:video-decoder-ogg-theora: a1e56fd34408186e4bbccfd4996cb3dc -> 
  custom:container-muxer-webm: aa71ff27fc2769a1b78a27578f13a17b -> 
  custom:container-demuxer-webm: 4f35f7cbe854078d1ac9338744f61a02 -> 
  custom:video-encoder-webm-vp8: eb34c28f22e8b96e1ab97ce403110664 -> 
  custom:video-codec-MediaFoundation-h265: 746d11721c4dcdbdad8f713fa42b33f4 -> 
  custom:audio-encoder-webm-vorbis: bf7c407c2cedff20999df2af8eb42d56 -> 
  custom:framework-win-MediaFoundation: 216162199b28c13a410421893ffa2e32 -> 
  custom:container-demuxer-ogg: 62fdf1f143b41e24485cea50d1cbac27 -> 
  custom:video-decoder-webm-vp8: 9c59270c3fd7afecdb556c50c9e8de78 -> 
  custom:audio-decoder-ogg-vorbis: bf7c407c2cedff20999df2af8eb42d56 -> 
========================================================================
Received Import Request.
  Time since last request: 43742.360429 seconds.
  path: Assets/Nature_pixel_art_assets/Prefabs/Nature_props/Nature_props_04.prefab
  artifactKey: Guid(b03b2a5438f49b04db8ec8b2dcc8316c) Importer(815301076,1909f56bfc062723c751e8b465ee728b)
Start importing Assets/Nature_pixel_art_assets/Prefabs/Nature_props/Nature_props_04.prefab using Guid(b03b2a5438f49b04db8ec8b2dcc8316c) Importer(815301076,1909f56bfc062723c751e8b465ee728b)  -> (artifact id: '24d1ef050776105936726e7e2bf9e763') in 0.127928 seconds 
========================================================================
Received Import Request.
  Time since last request: 0.000026 seconds.
  path: Assets/Nature_pixel_art_assets/Prefabs/Nature_props/Nature_props_32.prefab
  artifactKey: Guid(982283eb324406648881132bc4ba92b1) Importer(815301076,1909f56bfc062723c751e8b465ee728b)
Start importing Assets/Nature_pixel_art_assets/Prefabs/Nature_props/Nature_props_32.prefab using Guid(982283eb324406648881132bc4ba92b1) Importer(815301076,1909f56bfc062723c751e8b465ee728b)  -> (artifact id: 'dffd584c24e050caa1aa56b573bbbd5f') in 0.014050 seconds 
========================================================================
Received Import Request.
  Time since last request: 0.000030 seconds.
  path: Assets/Nature_pixel_art_assets/Prefabs/Nature_props/Nature_props_18.prefab
  artifactKey: Guid(efbbc1a7890bb6044a8fa67db33f6ade) Importer(815301076,1909f56bfc062723c751e8b465ee728b)
Start importing Assets/Nature_pixel_art_assets/Prefabs/Nature_props/Nature_props_18.prefab using Guid(efbbc1a7890bb6044a8fa67db33f6ade) Importer(815301076,1909f56bfc062723c751e8b465ee728b)  -> (artifact id: '2023f0cc60a55295351e34bc995f165c') in 0.015077 seconds 
========================================================================
Received Import Request.
  Time since last request: 0.000021 seconds.
  path: Assets/Nature_pixel_art_assets/Prefabs/Nature_props/Nature_props_20.prefab
  artifactKey: Guid(36eefd045905ea840940e9553e42ce8c) Importer(815301076,1909f56bfc062723c751e8b465ee728b)
Start importing Assets/Nature_pixel_art_assets/Prefabs/Nature_props/Nature_props_20.prefab using Guid(36eefd045905ea840940e9553e42ce8c) Importer(815301076,1909f56bfc062723c751e8b465ee728b)  -> (artifact id: '8cdf915c2c848e3663d48b831abfb96d') in 0.016231 seconds 
========================================================================
Received Import Request.
  Time since last request: 0.000054 seconds.
  path: Assets/Nature_pixel_art_assets/Prefabs/Nature_props/Nature_props_26.prefab
  artifactKey: Guid(efbde38838d036d49ab3d0ab4d323eae) Importer(815301076,1909f56bfc062723c751e8b465ee728b)
Start importing Assets/Nature_pixel_art_assets/Prefabs/Nature_props/Nature_props_26.prefab using Guid(efbde38838d036d49ab3d0ab4d323eae) Importer(815301076,1909f56bfc062723c751e8b465ee728b)  -> (artifact id: '7b4bf72a13d412d7232003eb14d26f78') in 0.015686 seconds 
========================================================================
Received Import Request.
  Time since last request: 0.000045 seconds.
  path: Assets/Nature_pixel_art_assets/Prefabs/Nature_props/Nature_props_21.prefab
  artifactKey: Guid(4dc93bd254f2c41479bfed68801a7bad) Importer(815301076,1909f56bfc062723c751e8b465ee728b)
Start importing Assets/Nature_pixel_art_assets/Prefabs/Nature_props/Nature_props_21.prefab using Guid(4dc93bd254f2c41479bfed68801a7bad) Importer(815301076,1909f56bfc062723c751e8b465ee728b)  -> (artifact id: '02f822077d2ff1db9b598188217a83a4') in 0.013852 seconds 
========================================================================
Received Import Request.
  Time since last request: 0.000019 seconds.
  path: Assets/Nature_pixel_art_assets/Prefabs/Nature_props/Nature_props_06.prefab
  artifactKey: Guid(ecba8dbba1cf5cf499ff7c730d1a58b9) Importer(815301076,1909f56bfc062723c751e8b465ee728b)
Start importing Assets/Nature_pixel_art_assets/Prefabs/Nature_props/Nature_props_06.prefab using Guid(ecba8dbba1cf5cf499ff7c730d1a58b9) Importer(815301076,1909f56bfc062723c751e8b465ee728b)  -> (artifact id: '77a06a47aae4d0523913e023896a3d01') in 0.013149 seconds 
========================================================================
Received Import Request.
  Time since last request: 0.000019 seconds.
  path: Assets/Nature_pixel_art_assets/Prefabs/Nature_props/Nature_props_36.prefab
  artifactKey: Guid(63c74e18159d5cf4a8bce25adca0f18b) Importer(815301076,1909f56bfc062723c751e8b465ee728b)
Start importing Assets/Nature_pixel_art_assets/Prefabs/Nature_props/Nature_props_36.prefab using Guid(63c74e18159d5cf4a8bce25adca0f18b) Importer(815301076,1909f56bfc062723c751e8b465ee728b)  -> (artifact id: '2cb47e3928fa015ad4a5b7a4711bf9f6') in 0.015639 seconds 
========================================================================
Received Import Request.
  Time since last request: 84.066302 seconds.
  path: Assets/Nature_pixel_art_assets/Nature_tiles_01/nature_environment_01_83.asset
  artifactKey: Guid(677602d800a8ae240abb1e546d5fb4cd) Importer(815301076,1909f56bfc062723c751e8b465ee728b)
Start importing Assets/Nature_pixel_art_assets/Nature_tiles_01/nature_environment_01_83.asset using Guid(677602d800a8ae240abb1e546d5fb4cd) Importer(815301076,1909f56bfc062723c751e8b465ee728b)  -> (artifact id: 'd1063595b40fb335fd15e225809341be') in 0.023377 seconds 
========================================================================
Received Import Request.
  Time since last request: 0.000027 seconds.
  path: Assets/Nature_pixel_art_assets/Nature_tiles_01/nature_environment_01_85.asset
  artifactKey: Guid(ce5b5afe4bad3fe4db8fba9f449ffedf) Importer(815301076,1909f56bfc062723c751e8b465ee728b)
Start importing Assets/Nature_pixel_art_assets/Nature_tiles_01/nature_environment_01_85.asset using Guid(ce5b5afe4bad3fe4db8fba9f449ffedf) Importer(815301076,1909f56bfc062723c751e8b465ee728b)  -> (artifact id: '9bffbe864b2222d0c296a69f0a03476e') in 0.014348 seconds 
========================================================================
Received Import Request.
  Time since last request: 0.000034 seconds.
  path: Assets/Nature_pixel_art_assets/Nature_tiles_01/nature_environment_01_94.asset
  artifactKey: Guid(7f5d80de65df04943abcd281deb783fb) Importer(815301076,1909f56bfc062723c751e8b465ee728b)
Start importing Assets/Nature_pixel_art_assets/Nature_tiles_01/nature_environment_01_94.asset using Guid(7f5d80de65df04943abcd281deb783fb) Importer(815301076,1909f56bfc062723c751e8b465ee728b)  -> (artifact id: '50cd394145dfa3b685d93ddf85288921') in 0.011813 seconds 
========================================================================
Received Import Request.
  Time since last request: 0.000029 seconds.
  path: Assets/Nature_pixel_art_assets/Nature_tiles_01/nature_environment_01_86.asset
  artifactKey: Guid(40c151df02ed0394e887ff8ad3c479fc) Importer(815301076,1909f56bfc062723c751e8b465ee728b)
Start importing Assets/Nature_pixel_art_assets/Nature_tiles_01/nature_environment_01_86.asset using Guid(40c151df02ed0394e887ff8ad3c479fc) Importer(815301076,1909f56bfc062723c751e8b465ee728b)  -> (artifact id: '19cb92b4cbe9b0a1c111ffadb6af6a4c') in 0.014756 seconds 
========================================================================
Received Import Request.
  Time since last request: 0.000031 seconds.
  path: Assets/Nature_pixel_art_assets/Nature_tiles_01/nature_environment_01_110.asset
  artifactKey: Guid(145b3944a7ee41649922eb93ab0c2b63) Importer(815301076,1909f56bfc062723c751e8b465ee728b)
Start importing Assets/Nature_pixel_art_assets/Nature_tiles_01/nature_environment_01_110.asset using Guid(145b3944a7ee41649922eb93ab0c2b63) Importer(815301076,1909f56bfc062723c751e8b465ee728b)  -> (artifact id: 'bac61b412bc61541858d580e34b514f5') in 0.012302 seconds 
========================================================================
Received Import Request.
  Time since last request: 0.000024 seconds.
  path: Assets/Nature_pixel_art_assets/Nature_tiles_01/nature_environment_01_104.asset
  artifactKey: Guid(11e23e56ed558be46987c2fa4baaadfa) Importer(815301076,1909f56bfc062723c751e8b465ee728b)
Start importing Assets/Nature_pixel_art_assets/Nature_tiles_01/nature_environment_01_104.asset using Guid(11e23e56ed558be46987c2fa4baaadfa) Importer(815301076,1909f56bfc062723c751e8b465ee728b)  -> (artifact id: '32baa05714173506ac448a422569e382') in 0.011245 seconds 
========================================================================
Received Import Request.
  Time since last request: 0.000019 seconds.
  path: Assets/Nature_pixel_art_assets/Nature_tiles_01/nature_environment_01_99.asset
  artifactKey: Guid(fdd60fe29a9d5924aa0054889dd82796) Importer(815301076,1909f56bfc062723c751e8b465ee728b)
Start importing Assets/Nature_pixel_art_assets/Nature_tiles_01/nature_environment_01_99.asset using Guid(fdd60fe29a9d5924aa0054889dd82796) Importer(815301076,1909f56bfc062723c751e8b465ee728b)  -> (artifact id: '19eacbead32c804783aedc110c8a9c4d') in 0.012783 seconds 
========================================================================
Received Import Request.
  Time since last request: 0.000017 seconds.
  path: Assets/Nature_pixel_art_assets/Nature_tiles_01/nature_environment_01_106.asset
  artifactKey: Guid(68006e8b75895ae459905640b2fa9314) Importer(815301076,1909f56bfc062723c751e8b465ee728b)
Start importing Assets/Nature_pixel_art_assets/Nature_tiles_01/nature_environment_01_106.asset using Guid(68006e8b75895ae459905640b2fa9314) Importer(815301076,1909f56bfc062723c751e8b465ee728b)  -> (artifact id: '67fefb227f29045f989363b00bb1f1b5') in 0.008138 seconds 
========================================================================
Received Import Request.
  Time since last request: 0.000051 seconds.
  path: Assets/Nature_pixel_art_assets/Nature_tiles_01/nature_environment_01_97.asset
  artifactKey: Guid(6a4bbaaa16ae47d49a3d6191a5af19f8) Importer(815301076,1909f56bfc062723c751e8b465ee728b)
Start importing Assets/Nature_pixel_art_assets/Nature_tiles_01/nature_environment_01_97.asset using Guid(6a4bbaaa16ae47d49a3d6191a5af19f8) Importer(815301076,1909f56bfc062723c751e8b465ee728b)  -> (artifact id: '1b7cc4f54c83745591496d6d401c25c4') in 0.011926 seconds 
========================================================================
Received Import Request.
  Time since last request: 0.000022 seconds.
  path: Assets/Nature_pixel_art_assets/Nature_tiles_01/nature_environment_01_89.asset
  artifactKey: Guid(d10cb8e86707da546abe3de7550ce43f) Importer(815301076,1909f56bfc062723c751e8b465ee728b)
Start importing Assets/Nature_pixel_art_assets/Nature_tiles_01/nature_environment_01_89.asset using Guid(d10cb8e86707da546abe3de7550ce43f) Importer(815301076,1909f56bfc062723c751e8b465ee728b)  -> (artifact id: '41b13acf0f0e9ed2b188d81216dcaac7') in 0.014560 seconds 
========================================================================
Received Import Request.
  Time since last request: 0.000028 seconds.
  path: Assets/Nature_pixel_art_assets/Nature_tiles_01/nature_environment_01_121.asset
  artifactKey: Guid(72baf1b88370e074589a46cb66fbf5ab) Importer(815301076,1909f56bfc062723c751e8b465ee728b)
Start importing Assets/Nature_pixel_art_assets/Nature_tiles_01/nature_environment_01_121.asset using Guid(72baf1b88370e074589a46cb66fbf5ab) Importer(815301076,1909f56bfc062723c751e8b465ee728b)  -> (artifact id: '864345080b8061ab44c3febbbd62a7ad') in 0.009387 seconds 
========================================================================
Received Import Request.
  Time since last request: 0.000028 seconds.
  path: Assets/Nature_pixel_art_assets/Nature_tiles_01/nature_environment_01_98.asset
  artifactKey: Guid(3c6b6deea85e0d44aac9bf7f17957d0f) Importer(815301076,1909f56bfc062723c751e8b465ee728b)
Start importing Assets/Nature_pixel_art_assets/Nature_tiles_01/nature_environment_01_98.asset using Guid(3c6b6deea85e0d44aac9bf7f17957d0f) Importer(815301076,1909f56bfc062723c751e8b465ee728b)  -> (artifact id: 'ab4018806e361999b50ec2bbe2357233') in 0.013441 seconds 
========================================================================
Received Import Request.
  Time since last request: 0.000018 seconds.
  path: Assets/Nature_pixel_art_assets/Nature_tiles_01/nature_environment_01_113.asset
  artifactKey: Guid(9ec1dfca4944c2b47891979af04abd8c) Importer(815301076,1909f56bfc062723c751e8b465ee728b)
Start importing Assets/Nature_pixel_art_assets/Nature_tiles_01/nature_environment_01_113.asset using Guid(9ec1dfca4944c2b47891979af04abd8c) Importer(815301076,1909f56bfc062723c751e8b465ee728b)  -> (artifact id: '7985ce271468de99328bc905ca647eaf') in 0.010636 seconds 
========================================================================
Received Import Request.
  Time since last request: 0.000022 seconds.
  path: Assets/Nature_pixel_art_assets/Nature_tiles_01/nature_environment_01_87.asset
  artifactKey: Guid(4943800bfeb90e04ea8daf890b75a043) Importer(815301076,1909f56bfc062723c751e8b465ee728b)
Start importing Assets/Nature_pixel_art_assets/Nature_tiles_01/nature_environment_01_87.asset using Guid(4943800bfeb90e04ea8daf890b75a043) Importer(815301076,1909f56bfc062723c751e8b465ee728b)  -> (artifact id: '36d76adf83a918284ec4918cb8ef1654') in 0.007800 seconds 
========================================================================
Received Import Request.
  Time since last request: 0.000022 seconds.
  path: Assets/Nature_pixel_art_assets/Nature_tiles_01/nature_environment_01_127.asset
  artifactKey: Guid(f2f0af9c30431954a88f1a5c11aec3b1) Importer(815301076,1909f56bfc062723c751e8b465ee728b)
Start importing Assets/Nature_pixel_art_assets/Nature_tiles_01/nature_environment_01_127.asset using Guid(f2f0af9c30431954a88f1a5c11aec3b1) Importer(815301076,1909f56bfc062723c751e8b465ee728b)  -> (artifact id: '1c268e700e34def7191cafd2d7405ed4') in 0.012913 seconds 
========================================================================
Received Import Request.
  Time since last request: 0.000019 seconds.
  path: Assets/Nature_pixel_art_assets/Nature_tiles_01/nature_environment_01_114.asset
  artifactKey: Guid(37045a328a5f6fc45a40c7ec0a72be80) Importer(815301076,1909f56bfc062723c751e8b465ee728b)
Start importing Assets/Nature_pixel_art_assets/Nature_tiles_01/nature_environment_01_114.asset using Guid(37045a328a5f6fc45a40c7ec0a72be80) Importer(815301076,1909f56bfc062723c751e8b465ee728b)  -> (artifact id: '354e8231e4f290843ed884c496c335b0') in 0.012346 seconds 
========================================================================
Received Import Request.
  Time since last request: 0.000017 seconds.
  path: Assets/Nature_pixel_art_assets/Nature_tiles_01/nature_environment_01_84.asset
  artifactKey: Guid(a4db2ad1d6dfb3841a749538a53f7a27) Importer(815301076,1909f56bfc062723c751e8b465ee728b)
Start importing Assets/Nature_pixel_art_assets/Nature_tiles_01/nature_environment_01_84.asset using Guid(a4db2ad1d6dfb3841a749538a53f7a27) Importer(815301076,1909f56bfc062723c751e8b465ee728b)  -> (artifact id: '3f5d7f54cf9c36ce7d97d8a105e52872') in 0.010973 seconds 
========================================================================
Received Import Request.
  Time since last request: 0.000023 seconds.
  path: Assets/Nature_pixel_art_assets/Nature_tiles_01/nature_environment_01_126.asset
  artifactKey: Guid(0a7a5db501c07f14a8a291da5c6c49b8) Importer(815301076,1909f56bfc062723c751e8b465ee728b)
Start importing Assets/Nature_pixel_art_assets/Nature_tiles_01/nature_environment_01_126.asset using Guid(0a7a5db501c07f14a8a291da5c6c49b8) Importer(815301076,1909f56bfc062723c751e8b465ee728b)  -> (artifact id: '27f5c166dc90cdd657b31ce358ac7575') in 0.011352 seconds 
========================================================================
Received Import Request.
  Time since last request: 0.000026 seconds.
  path: Assets/Nature_pixel_art_assets/Nature_tiles_01/nature_environment_01_125.asset
  artifactKey: Guid(d639f97f19c00604ea494a0401b35582) Importer(815301076,1909f56bfc062723c751e8b465ee728b)
Start importing Assets/Nature_pixel_art_assets/Nature_tiles_01/nature_environment_01_125.asset using Guid(d639f97f19c00604ea494a0401b35582) Importer(815301076,1909f56bfc062723c751e8b465ee728b)  -> (artifact id: '2310411284d288756854cef33b06e1af') in 0.008151 seconds 
========================================================================
Received Import Request.
  Time since last request: 0.000023 seconds.
  path: Assets/Nature_pixel_art_assets/Nature_tiles_01/nature_environment_01_122.asset
  artifactKey: Guid(cbbc132c49e167e4ba15afbab69b87c4) Importer(815301076,1909f56bfc062723c751e8b465ee728b)
Start importing Assets/Nature_pixel_art_assets/Nature_tiles_01/nature_environment_01_122.asset using Guid(cbbc132c49e167e4ba15afbab69b87c4) Importer(815301076,1909f56bfc062723c751e8b465ee728b)  -> (artifact id: '47e9da18c13fe8f158a088b5fb5e227d') in 0.007267 seconds 
========================================================================
Received Import Request.
  Time since last request: 0.000028 seconds.
  path: Assets/Nature_pixel_art_assets/Nature_tiles_01/nature_environment_01_105.asset
  artifactKey: Guid(71f684ea83fc5e945b9e5da47f092015) Importer(815301076,1909f56bfc062723c751e8b465ee728b)
Start importing Assets/Nature_pixel_art_assets/Nature_tiles_01/nature_environment_01_105.asset using Guid(71f684ea83fc5e945b9e5da47f092015) Importer(815301076,1909f56bfc062723c751e8b465ee728b)  -> (artifact id: 'e8ff4ea915c2b5ec3e4bfdb7b1cbb454') in 0.014185 seconds 
========================================================================
Received Import Request.
  Time since last request: 0.000031 seconds.
  path: Assets/Nature_pixel_art_assets/Nature_tiles_01/nature_environment_01_118.asset
  artifactKey: Guid(0324b40100df5da47a3e5b19eb21042f) Importer(815301076,1909f56bfc062723c751e8b465ee728b)
Start importing Assets/Nature_pixel_art_assets/Nature_tiles_01/nature_environment_01_118.asset using Guid(0324b40100df5da47a3e5b19eb21042f) Importer(815301076,1909f56bfc062723c751e8b465ee728b)  -> (artifact id: '67154eccfa12e64550e0a02b70028829') in 0.007952 seconds 
========================================================================
Received Import Request.
  Time since last request: 0.000017 seconds.
  path: Assets/Nature_pixel_art_assets/Nature_tiles_01/nature_environment_01_112.asset
  artifactKey: Guid(c8470df83533b114b9cac8fc52510da9) Importer(815301076,1909f56bfc062723c751e8b465ee728b)
Start importing Assets/Nature_pixel_art_assets/Nature_tiles_01/nature_environment_01_112.asset using Guid(c8470df83533b114b9cac8fc52510da9) Importer(815301076,1909f56bfc062723c751e8b465ee728b)  -> (artifact id: '1b191b13f9754b457334f500acf1c1bb') in 0.006943 seconds 
========================================================================
Received Import Request.
  Time since last request: 0.000019 seconds.
  path: Assets/Nature_pixel_art_assets/Nature_tiles_01/nature_environment_01_116.asset
  artifactKey: Guid(42fb91ff04abf89439b9f57276d1a959) Importer(815301076,1909f56bfc062723c751e8b465ee728b)
Start importing Assets/Nature_pixel_art_assets/Nature_tiles_01/nature_environment_01_116.asset using Guid(42fb91ff04abf89439b9f57276d1a959) Importer(815301076,1909f56bfc062723c751e8b465ee728b)  -> (artifact id: '1abb6e0ed627a6e231d106934a0541d1') in 0.008893 seconds 
Editor requested this worker to shutdown with reason: Scaling down because of idle timeout
AssetImportWorker is now disconnected from the server
Process exiting
Exiting without the bug reporter. Application will terminate with return code 0