Using pre-set license
Built from '2021.3/staging' branch; Version is '2021.3.19f1 (c9714fde33b6) revision 13201743'; Using compiler version '192829333'; Build Type 'Release'
OS: 'Windows 11  (10.0.22621) 64bit CoreSingleLanguage' Language: 'tr' Physical Memory: 16128 MB
BatchMode: 1, IsHumanControllingUs: 0, StartBugReporterOnCrash: 0, Is64bit: 1, IsPro: 1

COMMAND LINE ARGUMENTS:
C:\Program Files\Unity\Hub\Editor\2021.3.19f1\Editor\Unity.exe
-adb2
-batchMode
-noUpm
-name
AssetImportWorker7
-projectPath
C:/Users/ahmet/OneDrive/Documents/GitHub/GameJam31/isonunannesi
-logFile
Logs/AssetImportWorker7.log
-srvPort
63731
Successfully changed project path to: C:/Users/ahmet/OneDrive/Documents/GitHub/GameJam31/isonunannesi
C:/Users/ahmet/OneDrive/Documents/GitHub/GameJam31/isonunannesi
[UnityMemory] Configuration Parameters - Can be set up in boot.config
    "memorysetup-bucket-allocator-granularity=16"
    "memorysetup-bucket-allocator-bucket-count=8"
    "memorysetup-bucket-allocator-block-size=33554432"
    "memorysetup-bucket-allocator-block-count=8"
    "memorysetup-main-allocator-block-size=16777216"
    "memorysetup-thread-allocator-block-size=16777216"
    "memorysetup-gfx-main-allocator-block-size=16777216"
    "memorysetup-gfx-thread-allocator-block-size=16777216"
    "memorysetup-cache-allocator-block-size=4194304"
    "memorysetup-typetree-allocator-block-size=2097152"
    "memorysetup-profiler-bucket-allocator-granularity=16"
    "memorysetup-profiler-bucket-allocator-bucket-count=8"
    "memorysetup-profiler-bucket-allocator-block-size=33554432"
    "memorysetup-profiler-bucket-allocator-block-count=8"
    "memorysetup-profiler-allocator-block-size=16777216"
    "memorysetup-profiler-editor-allocator-block-size=1048576"
    "memorysetup-temp-allocator-size-main=16777216"
    "memorysetup-job-temp-allocator-block-size=2097152"
    "memorysetup-job-temp-allocator-block-size-background=1048576"
    "memorysetup-job-temp-allocator-reduction-small-platforms=262144"
    "memorysetup-temp-allocator-size-background-worker=32768"
    "memorysetup-temp-allocator-size-job-worker=262144"
    "memorysetup-temp-allocator-size-preload-manager=33554432"
    "memorysetup-temp-allocator-size-nav-mesh-worker=65536"
    "memorysetup-temp-allocator-size-audio-worker=65536"
    "memorysetup-temp-allocator-size-cloud-worker=32768"
    "memorysetup-temp-allocator-size-gi-baking-worker=262144"
    "memorysetup-temp-allocator-size-gfx=262144"
Player connection [19192] Host "[IP] 192.168.1.2 [Port] 0 [Flags] 2 [Guid] 1322341608 [EditorId] 1322341608 [Version] 1048832 [Id] WindowsEditor(7,bRc) [Debug] 1 [PackageName] WindowsEditor [ProjectName] Editor" joined multi-casting on [225.0.0.222:54997]...

Player connection [19192] Host "[IP] 192.168.1.2 [Port] 0 [Flags] 2 [Guid] 1322341608 [EditorId] 1322341608 [Version] 1048832 [Id] WindowsEditor(7,bRc) [Debug] 1 [PackageName] WindowsEditor [ProjectName] Editor" joined alternative multi-casting on [225.0.0.222:34997]...

Refreshing native plugins compatible for Editor in 87.74 ms, found 4 plugins.
Preloading 0 native plugins for Editor in 0.00 ms.
Initialize engine version: 2021.3.19f1 (c9714fde33b6)
[Subsystems] Discovering subsystems at path C:/Program Files/Unity/Hub/Editor/2021.3.19f1/Editor/Data/Resources/UnitySubsystems
[Subsystems] Discovering subsystems at path C:/Users/ahmet/OneDrive/Documents/GitHub/GameJam31/isonunannesi/Assets
GfxDevice: creating device client; threaded=0; jobified=0
Direct3D:
    Version:  Direct3D 11.0 [level 11.1]
    Renderer: NVIDIA GeForce RTX 3050 Laptop GPU (ID=0x25a2)
    Vendor:   NVIDIA
    VRAM:     3977 MB
    Driver:   31.0.15.3118
Initialize mono
Mono path[0] = 'C:/Program Files/Unity/Hub/Editor/2021.3.19f1/Editor/Data/Managed'
Mono path[1] = 'C:/Program Files/Unity/Hub/Editor/2021.3.19f1/Editor/Data/MonoBleedingEdge/lib/mono/unityjit-win32'
Mono config path = 'C:/Program Files/Unity/Hub/Editor/2021.3.19f1/Editor/Data/MonoBleedingEdge/etc'
Using monoOptions --debugger-agent=transport=dt_socket,embedding=1,server=y,suspend=n,address=127.0.0.1:56336
Begin MonoManager ReloadAssembly
Registering precompiled unity dll's ...
Register platform support module: C:/Program Files/Unity/Hub/Editor/2021.3.19f1/Editor/Data/PlaybackEngines/WebGLSupport/UnityEditor.WebGL.Extensions.dll
Register platform support module: C:/Program Files/Unity/Hub/Editor/2021.3.19f1/Editor/Data/PlaybackEngines/WindowsStandaloneSupport/UnityEditor.WindowsStandalone.Extensions.dll
Registered in 0.003772 seconds.
Native extension for WindowsStandalone target not found
Native extension for WebGL target not found
Refreshing native plugins compatible for Editor in 73.20 ms, found 4 plugins.
Preloading 0 native plugins for Editor in 0.00 ms.
Mono: successfully reloaded assembly
- Completed reload, in  0.511 seconds
Domain Reload Profiling:
	ReloadAssembly (512ms)
		BeginReloadAssembly (56ms)
			ExecutionOrderSort (0ms)
			DisableScriptedObjects (0ms)
			BackupInstance (0ms)
			ReleaseScriptingObjects (0ms)
			CreateAndSetChildDomain (0ms)
		EndReloadAssembly (371ms)
			LoadAssemblies (55ms)
			RebuildTransferFunctionScriptingTraits (0ms)
			SetupTypeCache (85ms)
			ReleaseScriptCaches (0ms)
			RebuildScriptCaches (24ms)
			SetupLoadedEditorAssemblies (220ms)
				LogAssemblyErrors (0ms)
				InitializePlatformSupportModulesInManaged (7ms)
				SetLoadedEditorAssemblies (0ms)
				RefreshPlugins (73ms)
				BeforeProcessingInitializeOnLoad (1ms)
				ProcessInitializeOnLoadAttributes (98ms)
				ProcessInitializeOnLoadMethodAttributes (40ms)
				AfterProcessingInitializeOnLoad (0ms)
				EditorAssembliesLoaded (0ms)
			ExecutionOrderSort2 (0ms)
			AwakeInstancesAfterBackupRestoration (0ms)
Platform modules already initialized, skipping
Registering precompiled user dll's ...
Registered in 0.004882 seconds.
Begin MonoManager ReloadAssembly
Symbol file LoadedFromMemory doesn't match image C:\Users\ahmet\OneDrive\Documents\GitHub\GameJam31\isonunannesi\Library\PackageCache\com.unity.visualscripting@1.8.0\Editor\VisualScripting.Core\Dependencies\YamlDotNet\Unity.VisualScripting.YamlDotNet.dll
Symbol file LoadedFromMemory doesn't match image C:\Users\ahmet\OneDrive\Documents\GitHub\GameJam31\isonunannesi\Library\PackageCache\com.unity.visualscripting@1.8.0\Editor\VisualScripting.Core\Dependencies\DotNetZip\Unity.VisualScripting.IonicZip.dll
Native extension for WindowsStandalone target not found
Native extension for WebGL target not found
Refreshing native plugins compatible for Editor in 74.52 ms, found 4 plugins.
Preloading 0 native plugins for Editor in 0.00 ms.
Mono: successfully reloaded assembly
- Completed reload, in  0.954 seconds
Domain Reload Profiling:
	ReloadAssembly (955ms)
		BeginReloadAssembly (90ms)
			ExecutionOrderSort (0ms)
			DisableScriptedObjects (5ms)
			BackupInstance (0ms)
			ReleaseScriptingObjects (0ms)
			CreateAndSetChildDomain (18ms)
		EndReloadAssembly (766ms)
			LoadAssemblies (69ms)
			RebuildTransferFunctionScriptingTraits (0ms)
			SetupTypeCache (199ms)
			ReleaseScriptCaches (1ms)
			RebuildScriptCaches (63ms)
			SetupLoadedEditorAssemblies (373ms)
				LogAssemblyErrors (0ms)
				InitializePlatformSupportModulesInManaged (4ms)
				SetLoadedEditorAssemblies (0ms)
				RefreshPlugins (75ms)
				BeforeProcessingInitializeOnLoad (74ms)
				ProcessInitializeOnLoadAttributes (182ms)
				ProcessInitializeOnLoadMethodAttributes (32ms)
				AfterProcessingInitializeOnLoad (6ms)
				EditorAssembliesLoaded (0ms)
			ExecutionOrderSort2 (0ms)
			AwakeInstancesAfterBackupRestoration (7ms)
Platform modules already initialized, skipping
========================================================================
Worker process is ready to serve import requests
Launched and connected shader compiler UnityShaderCompiler.exe after 0.03 seconds
Refreshing native plugins compatible for Editor in 0.53 ms, found 4 plugins.
Preloading 0 native plugins for Editor in 0.00 ms.
Unloading 3739 Unused Serialized files (Serialized files now loaded: 0)
Unloading 35 unused Assets / (56.1 KB). Loaded Objects now: 4200.
Memory consumption went from 142.8 MB to 142.7 MB.
Total: 2.910500 ms (FindLiveObjects: 0.296100 ms CreateObjectMapping: 0.189600 ms MarkObjects: 2.348700 ms  DeleteObjects: 0.074700 ms)

AssetImportParameters requested are different than current active one (requested -> active):
  custom:video-decoder-ogg-theora: a1e56fd34408186e4bbccfd4996cb3dc -> 
  custom:container-muxer-webm: aa71ff27fc2769a1b78a27578f13a17b -> 
  custom:container-demuxer-webm: 4f35f7cbe854078d1ac9338744f61a02 -> 
  custom:video-encoder-webm-vp8: eb34c28f22e8b96e1ab97ce403110664 -> 
  custom:video-codec-MediaFoundation-h265: 746d11721c4dcdbdad8f713fa42b33f4 -> 
  custom:audio-encoder-webm-vorbis: bf7c407c2cedff20999df2af8eb42d56 -> 
  custom:framework-win-MediaFoundation: 216162199b28c13a410421893ffa2e32 -> 
  custom:container-demuxer-ogg: 62fdf1f143b41e24485cea50d1cbac27 -> 
  custom:video-decoder-webm-vp8: 9c59270c3fd7afecdb556c50c9e8de78 -> 
  custom:audio-decoder-ogg-vorbis: bf7c407c2cedff20999df2af8eb42d56 -> 
========================================================================
Received Import Request.
  Time since last request: 44019.319560 seconds.
  path: Assets/Nature_pixel_art_assets/Nature_tiles_01/nature_environment_01_1.asset
  artifactKey: Guid(f89e0e4d00dd9ff4a82ac37553eb9157) Importer(815301076,1909f56bfc062723c751e8b465ee728b)
Start importing Assets/Nature_pixel_art_assets/Nature_tiles_01/nature_environment_01_1.asset using Guid(f89e0e4d00dd9ff4a82ac37553eb9157) Importer(815301076,1909f56bfc062723c751e8b465ee728b)  -> (artifact id: '0a368ba6cdcd53c16be9a83b53e22b71') in 0.069274 seconds 
========================================================================
Received Import Request.
  Time since last request: 0.000040 seconds.
  path: Assets/Nature_pixel_art_assets/Nature_tiles_01/nature_environment_01_21.asset
  artifactKey: Guid(1ee469289045b9d429f71472649a16d6) Importer(815301076,1909f56bfc062723c751e8b465ee728b)
Start importing Assets/Nature_pixel_art_assets/Nature_tiles_01/nature_environment_01_21.asset using Guid(1ee469289045b9d429f71472649a16d6) Importer(815301076,1909f56bfc062723c751e8b465ee728b)  -> (artifact id: '06ae241fcac94f3a348561b1983228ad') in 0.009930 seconds 
========================================================================
Received Import Request.
  Time since last request: 0.000031 seconds.
  path: Assets/Nature_pixel_art_assets/Nature_tiles_01/nature_environment_01_54.asset
  artifactKey: Guid(c0c1050b2504e604ab7bede02243e601) Importer(815301076,1909f56bfc062723c751e8b465ee728b)
Start importing Assets/Nature_pixel_art_assets/Nature_tiles_01/nature_environment_01_54.asset using Guid(c0c1050b2504e604ab7bede02243e601) Importer(815301076,1909f56bfc062723c751e8b465ee728b)  -> (artifact id: 'a514bc8cae483b54f67e8f5cd342e734') in 0.008352 seconds 
========================================================================
Received Import Request.
  Time since last request: 0.000031 seconds.
  path: Assets/Nature_pixel_art_assets/Nature_tiles_01/nature_environment_01_60.asset
  artifactKey: Guid(0dbe66b83d5b278498715179f8f5a55c) Importer(815301076,1909f56bfc062723c751e8b465ee728b)
Start importing Assets/Nature_pixel_art_assets/Nature_tiles_01/nature_environment_01_60.asset using Guid(0dbe66b83d5b278498715179f8f5a55c) Importer(815301076,1909f56bfc062723c751e8b465ee728b)  -> (artifact id: '87f6fae15d7de043dad84047e91684df') in 0.012140 seconds 
========================================================================
Received Import Request.
  Time since last request: 0.000020 seconds.
  path: Assets/Nature_pixel_art_assets/Nature_tiles_01/nature_environment_01_65.asset
  artifactKey: Guid(569bb8e460cc74b40be4f02ef69b7d05) Importer(815301076,1909f56bfc062723c751e8b465ee728b)
Start importing Assets/Nature_pixel_art_assets/Nature_tiles_01/nature_environment_01_65.asset using Guid(569bb8e460cc74b40be4f02ef69b7d05) Importer(815301076,1909f56bfc062723c751e8b465ee728b)  -> (artifact id: '9f3bdf8db81ac637735f001fc51187d0') in 0.017330 seconds 
========================================================================
Received Import Request.
  Time since last request: 0.000026 seconds.
  path: Assets/Nature_pixel_art_assets/Nature_tiles_01/nature_environment_01_67.asset
  artifactKey: Guid(ae8d3b512dc88954d8524d8073a8e2c8) Importer(815301076,1909f56bfc062723c751e8b465ee728b)
Start importing Assets/Nature_pixel_art_assets/Nature_tiles_01/nature_environment_01_67.asset using Guid(ae8d3b512dc88954d8524d8073a8e2c8) Importer(815301076,1909f56bfc062723c751e8b465ee728b)  -> (artifact id: '0ed29c058b421760a898dc85971c594c') in 0.011997 seconds 
========================================================================
Received Import Request.
  Time since last request: 0.000025 seconds.
  path: Assets/Nature_pixel_art_assets/Nature_tiles_01/nature_environment_01_63.asset
  artifactKey: Guid(cd736c9958b9f87439bfad4ed2cf5036) Importer(815301076,1909f56bfc062723c751e8b465ee728b)
Start importing Assets/Nature_pixel_art_assets/Nature_tiles_01/nature_environment_01_63.asset using Guid(cd736c9958b9f87439bfad4ed2cf5036) Importer(815301076,1909f56bfc062723c751e8b465ee728b)  -> (artifact id: '32e66f95e52d6cd34c2d4f405d181b00') in 0.009332 seconds 
========================================================================
Received Import Request.
  Time since last request: 0.000018 seconds.
  path: Assets/Nature_pixel_art_assets/Nature_tiles_01/nature_environment_01_49.asset
  artifactKey: Guid(c066c821f73cfca4094b8b06fe495945) Importer(815301076,1909f56bfc062723c751e8b465ee728b)
Start importing Assets/Nature_pixel_art_assets/Nature_tiles_01/nature_environment_01_49.asset using Guid(c066c821f73cfca4094b8b06fe495945) Importer(815301076,1909f56bfc062723c751e8b465ee728b)  -> (artifact id: 'edcb6306dc947f25e728bdd89de97e1f') in 0.011264 seconds 
========================================================================
Received Import Request.
  Time since last request: 0.000018 seconds.
  path: Assets/Nature_pixel_art_assets/Nature_tiles_01/nature_environment_01_44.asset
  artifactKey: Guid(e7107401309ba754e8dfeffd3a10fa0b) Importer(815301076,1909f56bfc062723c751e8b465ee728b)
Start importing Assets/Nature_pixel_art_assets/Nature_tiles_01/nature_environment_01_44.asset using Guid(e7107401309ba754e8dfeffd3a10fa0b) Importer(815301076,1909f56bfc062723c751e8b465ee728b)  -> (artifact id: '18638096a5f54a78ed464638e32e5e55') in 0.017606 seconds 
========================================================================
Received Import Request.
  Time since last request: 0.000030 seconds.
  path: Assets/Nature_pixel_art_assets/Nature_tiles_01/nature_environment_01_8.asset
  artifactKey: Guid(1c4046e470f8fe04fb25cbdc443ffb7a) Importer(815301076,1909f56bfc062723c751e8b465ee728b)
Start importing Assets/Nature_pixel_art_assets/Nature_tiles_01/nature_environment_01_8.asset using Guid(1c4046e470f8fe04fb25cbdc443ffb7a) Importer(815301076,1909f56bfc062723c751e8b465ee728b)  -> (artifact id: 'b9ea1f25fe06adf654e75e0fec33ada8') in 0.007849 seconds 
========================================================================
Received Import Request.
  Time since last request: 0.000029 seconds.
  path: Assets/Nature_pixel_art_assets/Nature_tiles_01/nature_environment_01_11.asset
  artifactKey: Guid(79c7897d6a38c0544a829f8437aa9f0f) Importer(815301076,1909f56bfc062723c751e8b465ee728b)
Start importing Assets/Nature_pixel_art_assets/Nature_tiles_01/nature_environment_01_11.asset using Guid(79c7897d6a38c0544a829f8437aa9f0f) Importer(815301076,1909f56bfc062723c751e8b465ee728b)  -> (artifact id: 'dd9dad15fee3c47b41392afa0e0eb053') in 0.009792 seconds 
========================================================================
Received Import Request.
  Time since last request: 0.000018 seconds.
  path: Assets/Nature_pixel_art_assets/Nature_tiles_01/nature_environment_01_28.asset
  artifactKey: Guid(6967eb696fdf710419c01d1cecbe402b) Importer(815301076,1909f56bfc062723c751e8b465ee728b)
Start importing Assets/Nature_pixel_art_assets/Nature_tiles_01/nature_environment_01_28.asset using Guid(6967eb696fdf710419c01d1cecbe402b) Importer(815301076,1909f56bfc062723c751e8b465ee728b)  -> (artifact id: 'b829fe2401390a3ded50d333b76f66dc') in 0.017073 seconds 
========================================================================
Received Import Request.
  Time since last request: 0.000054 seconds.
  path: Assets/Nature_pixel_art_assets/Nature_tiles_01/nature_environment_01_48.asset
  artifactKey: Guid(a8b248f8091ec9a4385f9c64c5a99333) Importer(815301076,1909f56bfc062723c751e8b465ee728b)
Start importing Assets/Nature_pixel_art_assets/Nature_tiles_01/nature_environment_01_48.asset using Guid(a8b248f8091ec9a4385f9c64c5a99333) Importer(815301076,1909f56bfc062723c751e8b465ee728b)  -> (artifact id: '273f01f07258f8cfa05816f3283e8f5d') in 0.006768 seconds 
========================================================================
Received Import Request.
  Time since last request: 0.000022 seconds.
  path: Assets/Nature_pixel_art_assets/Nature_tiles_01/nature_environment_01_73.asset
  artifactKey: Guid(879e53da5d456be41a5e1bbb6ab6f7b4) Importer(815301076,1909f56bfc062723c751e8b465ee728b)
Start importing Assets/Nature_pixel_art_assets/Nature_tiles_01/nature_environment_01_73.asset using Guid(879e53da5d456be41a5e1bbb6ab6f7b4) Importer(815301076,1909f56bfc062723c751e8b465ee728b)  -> (artifact id: 'be8cb277213a1b79d8288e910ef6c426') in 0.017448 seconds 
========================================================================
Received Import Request.
  Time since last request: 0.000029 seconds.
  path: Assets/Nature_pixel_art_assets/Nature_tiles_01/nature_environment_01_35.asset
  artifactKey: Guid(53d36402410e9424483884e2d7dacbd6) Importer(815301076,1909f56bfc062723c751e8b465ee728b)
Start importing Assets/Nature_pixel_art_assets/Nature_tiles_01/nature_environment_01_35.asset using Guid(53d36402410e9424483884e2d7dacbd6) Importer(815301076,1909f56bfc062723c751e8b465ee728b)  -> (artifact id: '6a54e5a36792fee482664c7d3f5820a8') in 0.006261 seconds 
========================================================================
Received Import Request.
  Time since last request: 0.000019 seconds.
  path: Assets/Nature_pixel_art_assets/Nature_tiles_01/nature_environment_01_14.asset
  artifactKey: Guid(58bf6fe499c773148835b1317df47e43) Importer(815301076,1909f56bfc062723c751e8b465ee728b)
Start importing Assets/Nature_pixel_art_assets/Nature_tiles_01/nature_environment_01_14.asset using Guid(58bf6fe499c773148835b1317df47e43) Importer(815301076,1909f56bfc062723c751e8b465ee728b)  -> (artifact id: 'db76ad90aa4944c8a5397f8268671797') in 0.017743 seconds 
========================================================================
Received Import Request.
  Time since last request: 0.000028 seconds.
  path: Assets/Nature_pixel_art_assets/Nature_tiles_01/nature_environment_01_7.asset
  artifactKey: Guid(d2f43fb3ea3302849bb80e0affd927a7) Importer(815301076,1909f56bfc062723c751e8b465ee728b)
Start importing Assets/Nature_pixel_art_assets/Nature_tiles_01/nature_environment_01_7.asset using Guid(d2f43fb3ea3302849bb80e0affd927a7) Importer(815301076,1909f56bfc062723c751e8b465ee728b)  -> (artifact id: '3c73653bcc12d7af6f45695183934e68') in 0.009223 seconds 
========================================================================
Received Import Request.
  Time since last request: 0.000067 seconds.
  path: Assets/Nature_pixel_art_assets/Nature_tiles_01/nature_environment_01_70.asset
  artifactKey: Guid(13a69d7aaa385ca49b6063d10d80170d) Importer(815301076,1909f56bfc062723c751e8b465ee728b)
Start importing Assets/Nature_pixel_art_assets/Nature_tiles_01/nature_environment_01_70.asset using Guid(13a69d7aaa385ca49b6063d10d80170d) Importer(815301076,1909f56bfc062723c751e8b465ee728b)  -> (artifact id: '5d4ab38f634d7fdac4bcfd5ae7977ef5') in 0.008861 seconds 
========================================================================
Received Import Request.
  Time since last request: 0.000019 seconds.
  path: Assets/Nature_pixel_art_assets/Nature_tiles_01/nature_environment_01_5.asset
  artifactKey: Guid(1f87f1348aa25d64eb87728054a5a7cb) Importer(815301076,1909f56bfc062723c751e8b465ee728b)
Start importing Assets/Nature_pixel_art_assets/Nature_tiles_01/nature_environment_01_5.asset using Guid(1f87f1348aa25d64eb87728054a5a7cb) Importer(815301076,1909f56bfc062723c751e8b465ee728b)  -> (artifact id: 'b8c840885a41cfe61b0b57a0c12575e1') in 0.009347 seconds 
========================================================================
Received Import Request.
  Time since last request: 0.000022 seconds.
  path: Assets/Nature_pixel_art_assets/Nature_tiles_01/nature_environment_01_57.asset
  artifactKey: Guid(6d624f23e124ff044b7cd77cbe30a9ea) Importer(815301076,1909f56bfc062723c751e8b465ee728b)
Start importing Assets/Nature_pixel_art_assets/Nature_tiles_01/nature_environment_01_57.asset using Guid(6d624f23e124ff044b7cd77cbe30a9ea) Importer(815301076,1909f56bfc062723c751e8b465ee728b)  -> (artifact id: 'fab36db6782df7e5acb5a0ef4ddc7670') in 0.009585 seconds 
========================================================================
Received Import Request.
  Time since last request: 0.000020 seconds.
  path: Assets/Nature_pixel_art_assets/Nature_tiles_01/nature_environment_01_24.asset
  artifactKey: Guid(f580e8ca563a1424b9277f875e0d2f80) Importer(815301076,1909f56bfc062723c751e8b465ee728b)
Start importing Assets/Nature_pixel_art_assets/Nature_tiles_01/nature_environment_01_24.asset using Guid(f580e8ca563a1424b9277f875e0d2f80) Importer(815301076,1909f56bfc062723c751e8b465ee728b)  -> (artifact id: '94908a68eb139131c53146ff28f8c7c0') in 0.011658 seconds 
========================================================================
Received Import Request.
  Time since last request: 0.000020 seconds.
  path: Assets/Nature_pixel_art_assets/Nature_tiles_01/nature_environment_01_68.asset
  artifactKey: Guid(d49c2ba1ccd3a88489a149f9fee52c05) Importer(815301076,1909f56bfc062723c751e8b465ee728b)
Start importing Assets/Nature_pixel_art_assets/Nature_tiles_01/nature_environment_01_68.asset using Guid(d49c2ba1ccd3a88489a149f9fee52c05) Importer(815301076,1909f56bfc062723c751e8b465ee728b)  -> (artifact id: '5e4d18e89bb3fc688696228aacce563b') in 0.009121 seconds 
========================================================================
Received Import Request.
  Time since last request: 0.000020 seconds.
  path: Assets/Nature_pixel_art_assets/Nature_tiles_01/nature_environment_01_3.asset
  artifactKey: Guid(fb4007b597714824bb4594d5d930448c) Importer(815301076,1909f56bfc062723c751e8b465ee728b)
Start importing Assets/Nature_pixel_art_assets/Nature_tiles_01/nature_environment_01_3.asset using Guid(fb4007b597714824bb4594d5d930448c) Importer(815301076,1909f56bfc062723c751e8b465ee728b)  -> (artifact id: 'bd0b60f7f5189a7cf53347f3c5c82e4a') in 0.005660 seconds 
========================================================================
Received Import Request.
  Time since last request: 0.000021 seconds.
  path: Assets/Nature_pixel_art_assets/Nature_tiles_01/nature_environment_01_29.asset
  artifactKey: Guid(4b1fecd43e2cc744e91a26c54b90d8cf) Importer(815301076,1909f56bfc062723c751e8b465ee728b)
Start importing Assets/Nature_pixel_art_assets/Nature_tiles_01/nature_environment_01_29.asset using Guid(4b1fecd43e2cc744e91a26c54b90d8cf) Importer(815301076,1909f56bfc062723c751e8b465ee728b)  -> (artifact id: '969adee6936f4e3e0c58c809c79c045a') in 0.006161 seconds 
========================================================================
Received Import Request.
  Time since last request: 0.000040 seconds.
  path: Assets/Nature_pixel_art_assets/Nature_tiles_01/nature_environment_01_26.asset
  artifactKey: Guid(8537a0d405d0f474791d1cbaf6a6df08) Importer(815301076,1909f56bfc062723c751e8b465ee728b)
Start importing Assets/Nature_pixel_art_assets/Nature_tiles_01/nature_environment_01_26.asset using Guid(8537a0d405d0f474791d1cbaf6a6df08) Importer(815301076,1909f56bfc062723c751e8b465ee728b)  -> (artifact id: 'b4d6bbebdc481d889dbb3870f4b144b6') in 0.011077 seconds 
========================================================================
Received Import Request.
  Time since last request: 0.000029 seconds.
  path: Assets/Nature_pixel_art_assets/Nature_tiles_01/nature_environment_01_58.asset
  artifactKey: Guid(dda74bf3b6f8975449c615434310cbac) Importer(815301076,1909f56bfc062723c751e8b465ee728b)
Start importing Assets/Nature_pixel_art_assets/Nature_tiles_01/nature_environment_01_58.asset using Guid(dda74bf3b6f8975449c615434310cbac) Importer(815301076,1909f56bfc062723c751e8b465ee728b)  -> (artifact id: '5a81ca6ca34d0b8882acb60af5f04b48') in 0.006916 seconds 
========================================================================
Received Import Request.
  Time since last request: 0.000021 seconds.
  path: Assets/Nature_pixel_art_assets/Nature_tiles_01/nature_environment_01_61.asset
  artifactKey: Guid(49173cebef9971a4288cf94b06f0d27d) Importer(815301076,1909f56bfc062723c751e8b465ee728b)
Start importing Assets/Nature_pixel_art_assets/Nature_tiles_01/nature_environment_01_61.asset using Guid(49173cebef9971a4288cf94b06f0d27d) Importer(815301076,1909f56bfc062723c751e8b465ee728b)  -> (artifact id: '0de5ea86e90e82c0ef45c0cb1ea5c13e') in 0.007423 seconds 
========================================================================
Received Import Request.
  Time since last request: 0.000020 seconds.
  path: Assets/Nature_pixel_art_assets/Nature_tiles_01/nature_environment_01_42.asset
  artifactKey: Guid(7edb7b09558aa5546b128e5ac0ebb4fc) Importer(815301076,1909f56bfc062723c751e8b465ee728b)
Start importing Assets/Nature_pixel_art_assets/Nature_tiles_01/nature_environment_01_42.asset using Guid(7edb7b09558aa5546b128e5ac0ebb4fc) Importer(815301076,1909f56bfc062723c751e8b465ee728b)  -> (artifact id: '5e01880a9a9c3e61d43e218497932e89') in 0.008829 seconds 
========================================================================
Received Import Request.
  Time since last request: 0.000021 seconds.
  path: Assets/Nature_pixel_art_assets/Nature_tiles_01/nature_environment_01_13.asset
  artifactKey: Guid(35778d0f47fa3b04db869da7e2cd3e6d) Importer(815301076,1909f56bfc062723c751e8b465ee728b)
Start importing Assets/Nature_pixel_art_assets/Nature_tiles_01/nature_environment_01_13.asset using Guid(35778d0f47fa3b04db869da7e2cd3e6d) Importer(815301076,1909f56bfc062723c751e8b465ee728b)  -> (artifact id: 'dfd85b46006354e3563da7365e320ac8') in 0.009988 seconds 
========================================================================
Received Import Request.
  Time since last request: 0.000032 seconds.
  path: Assets/Nature_pixel_art_assets/Nature_tiles_01/nature_environment_01_25.asset
  artifactKey: Guid(de00cdaa350b69543a117109c5573263) Importer(815301076,1909f56bfc062723c751e8b465ee728b)
Start importing Assets/Nature_pixel_art_assets/Nature_tiles_01/nature_environment_01_25.asset using Guid(de00cdaa350b69543a117109c5573263) Importer(815301076,1909f56bfc062723c751e8b465ee728b)  -> (artifact id: '0d36fad6a10ae04231346567af824cea') in 0.009371 seconds 
========================================================================
Received Import Request.
  Time since last request: 0.000032 seconds.
  path: Assets/Nature_pixel_art_assets/Nature_tiles_01/nature_environment_01_72.asset
  artifactKey: Guid(ce4f37cee463c2f4a80f24c91d9e290a) Importer(815301076,1909f56bfc062723c751e8b465ee728b)
Start importing Assets/Nature_pixel_art_assets/Nature_tiles_01/nature_environment_01_72.asset using Guid(ce4f37cee463c2f4a80f24c91d9e290a) Importer(815301076,1909f56bfc062723c751e8b465ee728b)  -> (artifact id: '46ba55e3fc9645e0857dd230699203a6') in 0.011068 seconds 
========================================================================
Received Import Request.
  Time since last request: 0.000023 seconds.
  path: Assets/Nature_pixel_art_assets/Nature_tiles_01/nature_environment_01_80.asset
  artifactKey: Guid(8a1a96440416a2c449d0c2c4a5c9c006) Importer(815301076,1909f56bfc062723c751e8b465ee728b)
Start importing Assets/Nature_pixel_art_assets/Nature_tiles_01/nature_environment_01_80.asset using Guid(8a1a96440416a2c449d0c2c4a5c9c006) Importer(815301076,1909f56bfc062723c751e8b465ee728b)  -> (artifact id: 'e8e86749afd61f8bb61c73a4cbcb607e') in 0.010357 seconds 
========================================================================
Received Import Request.
  Time since last request: 0.000018 seconds.
  path: Assets/Nature_pixel_art_assets/Nature_tiles_01/nature_environment_01_78.asset
  artifactKey: Guid(7a0669562b5a7d14099e9c4be2fee317) Importer(815301076,1909f56bfc062723c751e8b465ee728b)
Start importing Assets/Nature_pixel_art_assets/Nature_tiles_01/nature_environment_01_78.asset using Guid(7a0669562b5a7d14099e9c4be2fee317) Importer(815301076,1909f56bfc062723c751e8b465ee728b)  -> (artifact id: '31b24adb7204bd1d2f859f000160962d') in 0.006398 seconds 
========================================================================
Received Import Request.
  Time since last request: 0.000031 seconds.
  path: Assets/Nature_pixel_art_assets/Nature_tiles_01/nature_environment_01_75.asset
  artifactKey: Guid(2dfef20754efe2042b3290043219f413) Importer(815301076,1909f56bfc062723c751e8b465ee728b)
Start importing Assets/Nature_pixel_art_assets/Nature_tiles_01/nature_environment_01_75.asset using Guid(2dfef20754efe2042b3290043219f413) Importer(815301076,1909f56bfc062723c751e8b465ee728b)  -> (artifact id: '5c666209630d7fe7a47c438d856f1ee0') in 0.005286 seconds 
========================================================================
Received Import Request.
  Time since last request: 0.000039 seconds.
  path: Assets/Nature_pixel_art_assets/Nature_tiles_01/nature_environment_01_59.asset
  artifactKey: Guid(c4b99341b083db343b56e1e25fdc1906) Importer(815301076,1909f56bfc062723c751e8b465ee728b)
Start importing Assets/Nature_pixel_art_assets/Nature_tiles_01/nature_environment_01_59.asset using Guid(c4b99341b083db343b56e1e25fdc1906) Importer(815301076,1909f56bfc062723c751e8b465ee728b)  -> (artifact id: '6e1958eb61cc14bcf7a809acec23fa1d') in 0.011198 seconds 
========================================================================
Received Import Request.
  Time since last request: 0.000052 seconds.
  path: Assets/Nature_pixel_art_assets/Nature_tiles_01/nature_environment_01_20.asset
  artifactKey: Guid(7b5a2d31a0ae1ce4883928e9d5aa6eb2) Importer(815301076,1909f56bfc062723c751e8b465ee728b)
Start importing Assets/Nature_pixel_art_assets/Nature_tiles_01/nature_environment_01_20.asset using Guid(7b5a2d31a0ae1ce4883928e9d5aa6eb2) Importer(815301076,1909f56bfc062723c751e8b465ee728b)  -> (artifact id: '73b7c6ad5ae4540d7f8ce0391708fa65') in 0.006333 seconds 
========================================================================
Received Import Request.
  Time since last request: 0.000023 seconds.
  path: Assets/Nature_pixel_art_assets/Nature_tiles_01/nature_environment_01_15.asset
  artifactKey: Guid(d0485154e49df3946b8c2c9b28b2b580) Importer(815301076,1909f56bfc062723c751e8b465ee728b)
Start importing Assets/Nature_pixel_art_assets/Nature_tiles_01/nature_environment_01_15.asset using Guid(d0485154e49df3946b8c2c9b28b2b580) Importer(815301076,1909f56bfc062723c751e8b465ee728b)  -> (artifact id: '381392cf6ee7aab97e9ed9f26ee75bff') in 0.010444 seconds 
========================================================================
Received Import Request.
  Time since last request: 0.000022 seconds.
  path: Assets/Nature_pixel_art_assets/Nature_tiles_01/nature_environment_01_50.asset
  artifactKey: Guid(2e6a5213fa20e064ba85db2802d863e6) Importer(815301076,1909f56bfc062723c751e8b465ee728b)
Start importing Assets/Nature_pixel_art_assets/Nature_tiles_01/nature_environment_01_50.asset using Guid(2e6a5213fa20e064ba85db2802d863e6) Importer(815301076,1909f56bfc062723c751e8b465ee728b)  -> (artifact id: 'bf08d65df21b16e54b3cbfac62deaeb8') in 0.005598 seconds 
========================================================================
Received Import Request.
  Time since last request: 0.000026 seconds.
  path: Assets/Nature_pixel_art_assets/Nature_tiles_01/nature_environment_01_74.asset
  artifactKey: Guid(25ba3dd85655d334192098604410b8da) Importer(815301076,1909f56bfc062723c751e8b465ee728b)
Start importing Assets/Nature_pixel_art_assets/Nature_tiles_01/nature_environment_01_74.asset using Guid(25ba3dd85655d334192098604410b8da) Importer(815301076,1909f56bfc062723c751e8b465ee728b)  -> (artifact id: '5a44372d097b06378ba546f3b27d7df7') in 0.009385 seconds 
Editor requested this worker to shutdown with reason: Scaling down because of idle timeout
AssetImportWorker is now disconnected from the server
Process exiting
Exiting without the bug reporter. Application will terminate with return code 0